totally 181724 train examples
starting training from scratch with gpu 0,1,2,3
learning rate decay at epoch[80, 160]
Epoch[0] Batch [20]	Speed: 279.55 samples/sec	accuracy=0.767857
Epoch[0] Batch [40]	Speed: 626.32 samples/sec	accuracy=0.840430
Epoch[0] Batch [60]	Speed: 779.02 samples/sec	accuracy=0.860938
Epoch[0] Batch [80]	Speed: 802.73 samples/sec	accuracy=0.867188
Epoch[0] Batch [100]	Speed: 773.95 samples/sec	accuracy=0.898828
Epoch[0] Batch [120]	Speed: 794.66 samples/sec	accuracy=0.911914
Epoch[0] Batch [140]	Speed: 818.00 samples/sec	accuracy=0.916211
Epoch[0] Batch [160]	Speed: 270.98 samples/sec	accuracy=0.918945
Epoch[0] Batch [180]	Speed: 753.13 samples/sec	accuracy=0.930273
Epoch[0] Batch [200]	Speed: 800.76 samples/sec	accuracy=0.930664
Epoch[0] Batch [220]	Speed: 819.73 samples/sec	accuracy=0.937695
Epoch[0] Batch [240]	Speed: 785.17 samples/sec	accuracy=0.945117
Epoch[0] Batch [260]	Speed: 257.35 samples/sec	accuracy=0.939648
Epoch[0] Batch [280]	Speed: 797.55 samples/sec	accuracy=0.946484
Epoch[0] Batch [300]	Speed: 770.53 samples/sec	accuracy=0.952930
Epoch[0] Batch [320]	Speed: 819.07 samples/sec	accuracy=0.947070
Epoch[0] Batch [340]	Speed: 753.40 samples/sec	accuracy=0.945312
Epoch[0] Batch [360]	Speed: 298.88 samples/sec	accuracy=0.956641
Epoch[0] Batch [380]	Speed: 751.18 samples/sec	accuracy=0.943164
Epoch[0] Batch [400]	Speed: 836.70 samples/sec	accuracy=0.946875
Epoch[0] Batch [420]	Speed: 803.97 samples/sec	accuracy=0.951172
Epoch[0] Batch [440]	Speed: 825.66 samples/sec	accuracy=0.956445
Epoch[0] Batch [460]	Speed: 357.36 samples/sec	accuracy=0.960742
Epoch[0] Batch [480]	Speed: 770.74 samples/sec	accuracy=0.958984
Epoch[0] Batch [500]	Speed: 366.46 samples/sec	accuracy=0.961523
Epoch[0] Batch [520]	Speed: 796.57 samples/sec	accuracy=0.955859
Epoch[0] Batch [540]	Speed: 790.05 samples/sec	accuracy=0.965430
Epoch[0] Batch [560]	Speed: 817.21 samples/sec	accuracy=0.964258
Epoch[0] Batch [580]	Speed: 861.77 samples/sec	accuracy=0.963672
Epoch[0] Batch [600]	Speed: 287.76 samples/sec	accuracy=0.965039
Epoch[0] Batch [620]	Speed: 809.43 samples/sec	accuracy=0.964844
Epoch[0] Batch [640]	Speed: 831.20 samples/sec	accuracy=0.965234
Epoch[0] Batch [660]	Speed: 813.55 samples/sec	accuracy=0.966016
Epoch[0] Batch [680]	Speed: 810.31 samples/sec	accuracy=0.961914
Epoch[0] Batch [700]	Speed: 808.68 samples/sec	accuracy=0.964844
Epoch[0] Train-accuracy=0.964844
Epoch[0] Time cost=314.411
Epoch[0] Validation-accuracy=0.954222
Epoch[1] Batch [20]	Speed: 808.12 samples/sec	accuracy=0.969494
Epoch[1] Batch [40]	Speed: 739.55 samples/sec	accuracy=0.967773
Epoch[1] Batch [60]	Speed: 755.78 samples/sec	accuracy=0.967383
Epoch[1] Batch [80]	Speed: 725.91 samples/sec	accuracy=0.966406
Epoch[1] Batch [100]	Speed: 336.79 samples/sec	accuracy=0.969531
Epoch[1] Batch [120]	Speed: 390.67 samples/sec	accuracy=0.970508
Epoch[1] Batch [140]	Speed: 639.07 samples/sec	accuracy=0.974414
Epoch[1] Batch [160]	Speed: 852.46 samples/sec	accuracy=0.966602
Epoch[1] Batch [180]	Speed: 818.19 samples/sec	accuracy=0.972070
Epoch[1] Batch [200]	Speed: 823.67 samples/sec	accuracy=0.974219
Epoch[1] Batch [220]	Speed: 809.57 samples/sec	accuracy=0.974805
Epoch[1] Batch [240]	Speed: 335.57 samples/sec	accuracy=0.974219
Epoch[1] Batch [260]	Speed: 734.95 samples/sec	accuracy=0.970117
Epoch[1] Batch [280]	Speed: 391.03 samples/sec	accuracy=0.977539
Epoch[1] Batch [300]	Speed: 537.37 samples/sec	accuracy=0.973047
Epoch[1] Batch [320]	Speed: 793.37 samples/sec	accuracy=0.977148
Epoch[1] Batch [340]	Speed: 529.69 samples/sec	accuracy=0.975781
Epoch[1] Batch [360]	Speed: 788.49 samples/sec	accuracy=0.979102
Epoch[1] Batch [380]	Speed: 803.71 samples/sec	accuracy=0.972461
Epoch[1] Batch [400]	Speed: 384.83 samples/sec	accuracy=0.972461
Epoch[1] Batch [420]	Speed: 349.51 samples/sec	accuracy=0.977344
Epoch[1] Batch [440]	Speed: 748.19 samples/sec	accuracy=0.973047
Epoch[1] Batch [460]	Speed: 815.93 samples/sec	accuracy=0.974805
Epoch[1] Batch [480]	Speed: 819.60 samples/sec	accuracy=0.979297
Epoch[1] Batch [500]	Speed: 790.68 samples/sec	accuracy=0.978906
Epoch[1] Batch [520]	Speed: 784.19 samples/sec	accuracy=0.976367
Epoch[1] Batch [540]	Speed: 626.43 samples/sec	accuracy=0.979297
Epoch[1] Batch [560]	Speed: 509.73 samples/sec	accuracy=0.979883
Epoch[1] Batch [580]	Speed: 487.32 samples/sec	accuracy=0.976367
Epoch[1] Batch [600]	Speed: 823.22 samples/sec	accuracy=0.984375
Epoch[1] Batch [620]	Speed: 771.73 samples/sec	accuracy=0.978125
Epoch[1] Batch [640]	Speed: 790.25 samples/sec	accuracy=0.978320
Epoch[1] Batch [660]	Speed: 787.79 samples/sec	accuracy=0.977930
Epoch[1] Batch [680]	Speed: 820.22 samples/sec	accuracy=0.980273
Epoch[1] Batch [700]	Speed: 799.10 samples/sec	accuracy=0.978516
Epoch[1] Train-accuracy=0.978299
Epoch[1] Time cost=292.770
Epoch[1] Validation-accuracy=0.982720
Epoch[2] Batch [20]	Speed: 773.17 samples/sec	accuracy=0.979539
Epoch[2] Batch [40]	Speed: 789.76 samples/sec	accuracy=0.986133
Epoch[2] Batch [60]	Speed: 771.84 samples/sec	accuracy=0.983398
Epoch[2] Batch [80]	Speed: 774.24 samples/sec	accuracy=0.981055
Epoch[2] Batch [100]	Speed: 815.07 samples/sec	accuracy=0.978125
Epoch[2] Batch [120]	Speed: 864.91 samples/sec	accuracy=0.983203
Epoch[2] Batch [140]	Speed: 808.26 samples/sec	accuracy=0.985938
Epoch[2] Batch [160]	Speed: 804.97 samples/sec	accuracy=0.983594
Epoch[2] Batch [180]	Speed: 798.85 samples/sec	accuracy=0.985547
Epoch[2] Batch [200]	Speed: 853.91 samples/sec	accuracy=0.984375
Epoch[2] Batch [220]	Speed: 776.58 samples/sec	accuracy=0.983594
Epoch[2] Batch [240]	Speed: 847.96 samples/sec	accuracy=0.982617
Epoch[2] Batch [260]	Speed: 805.17 samples/sec	accuracy=0.980469
Epoch[2] Batch [280]	Speed: 725.29 samples/sec	accuracy=0.980469
Epoch[2] Batch [300]	Speed: 818.17 samples/sec	accuracy=0.984180
Epoch[2] Batch [320]	Speed: 849.64 samples/sec	accuracy=0.986328
Epoch[2] Batch [340]	Speed: 820.29 samples/sec	accuracy=0.984375
Epoch[2] Batch [360]	Speed: 797.40 samples/sec	accuracy=0.985156
Epoch[2] Batch [380]	Speed: 751.22 samples/sec	accuracy=0.982812
Epoch[2] Batch [400]	Speed: 786.17 samples/sec	accuracy=0.981641
Epoch[2] Batch [420]	Speed: 799.51 samples/sec	accuracy=0.980859
Epoch[2] Batch [440]	Speed: 812.64 samples/sec	accuracy=0.984766
Epoch[2] Batch [460]	Speed: 751.14 samples/sec	accuracy=0.983398
Epoch[2] Batch [480]	Speed: 821.96 samples/sec	accuracy=0.984961
Epoch[2] Batch [500]	Speed: 777.75 samples/sec	accuracy=0.988672
Epoch[2] Batch [520]	Speed: 820.77 samples/sec	accuracy=0.984570
Epoch[2] Batch [540]	Speed: 828.14 samples/sec	accuracy=0.986328
Epoch[2] Batch [560]	Speed: 815.58 samples/sec	accuracy=0.984180
Epoch[2] Batch [580]	Speed: 778.16 samples/sec	accuracy=0.980469
Epoch[2] Batch [600]	Speed: 811.15 samples/sec	accuracy=0.988477
Epoch[2] Batch [620]	Speed: 811.63 samples/sec	accuracy=0.986523
Epoch[2] Batch [640]	Speed: 769.48 samples/sec	accuracy=0.987695
Epoch[2] Batch [660]	Speed: 789.18 samples/sec	accuracy=0.985742
Epoch[2] Batch [680]	Speed: 790.77 samples/sec	accuracy=0.986328
Epoch[2] Batch [700]	Speed: 850.87 samples/sec	accuracy=0.985547
Epoch[2] Train-accuracy=0.986545
Epoch[2] Time cost=227.026
Epoch[2] Validation-accuracy=0.978428
Epoch[3] Batch [20]	Speed: 767.14 samples/sec	accuracy=0.986235
Epoch[3] Batch [40]	Speed: 810.41 samples/sec	accuracy=0.989258
Epoch[3] Batch [60]	Speed: 805.52 samples/sec	accuracy=0.987891
Epoch[3] Batch [80]	Speed: 783.18 samples/sec	accuracy=0.987109
Epoch[3] Batch [100]	Speed: 818.39 samples/sec	accuracy=0.986328
Epoch[3] Batch [120]	Speed: 786.96 samples/sec	accuracy=0.987500
Epoch[3] Batch [140]	Speed: 799.64 samples/sec	accuracy=0.988086
Epoch[3] Batch [160]	Speed: 816.44 samples/sec	accuracy=0.987695
Epoch[3] Batch [180]	Speed: 800.72 samples/sec	accuracy=0.991406
Epoch[3] Batch [200]	Speed: 796.74 samples/sec	accuracy=0.989258
Epoch[3] Batch [220]	Speed: 846.86 samples/sec	accuracy=0.990039
Epoch[3] Batch [240]	Speed: 807.09 samples/sec	accuracy=0.991016
Epoch[3] Batch [260]	Speed: 786.31 samples/sec	accuracy=0.984961
Epoch[3] Batch [280]	Speed: 795.37 samples/sec	accuracy=0.985547
Epoch[3] Batch [300]	Speed: 826.58 samples/sec	accuracy=0.989453
Epoch[3] Batch [320]	Speed: 782.49 samples/sec	accuracy=0.990625
Epoch[3] Batch [340]	Speed: 793.37 samples/sec	accuracy=0.989062
Epoch[3] Batch [360]	Speed: 822.12 samples/sec	accuracy=0.992578
Epoch[3] Batch [380]	Speed: 827.20 samples/sec	accuracy=0.986523
Epoch[3] Batch [400]	Speed: 763.05 samples/sec	accuracy=0.986914
Epoch[3] Batch [420]	Speed: 807.35 samples/sec	accuracy=0.986133
Epoch[3] Batch [440]	Speed: 793.16 samples/sec	accuracy=0.988281
Epoch[3] Batch [460]	Speed: 799.37 samples/sec	accuracy=0.986914
Epoch[3] Batch [480]	Speed: 766.78 samples/sec	accuracy=0.989258
Epoch[3] Batch [500]	Speed: 790.67 samples/sec	accuracy=0.990234
Epoch[3] Batch [520]	Speed: 769.26 samples/sec	accuracy=0.988086
Epoch[3] Batch [540]	Speed: 785.20 samples/sec	accuracy=0.989844
Epoch[3] Batch [560]	Speed: 803.78 samples/sec	accuracy=0.990625
Epoch[3] Batch [580]	Speed: 793.67 samples/sec	accuracy=0.988086
Epoch[3] Batch [600]	Speed: 745.73 samples/sec	accuracy=0.991211
Epoch[3] Batch [620]	Speed: 815.40 samples/sec	accuracy=0.990234
Epoch[3] Batch [640]	Speed: 884.47 samples/sec	accuracy=0.991211
Epoch[3] Batch [660]	Speed: 785.52 samples/sec	accuracy=0.990625
Epoch[3] Batch [680]	Speed: 765.86 samples/sec	accuracy=0.987891
Epoch[3] Batch [700]	Speed: 815.55 samples/sec	accuracy=0.990234
Epoch[3] Train-accuracy=0.990017
Epoch[3] Time cost=227.589
Epoch[3] Validation-accuracy=0.989539
Epoch[4] Batch [20]	Speed: 773.17 samples/sec	accuracy=0.988839
Epoch[4] Batch [40]	Speed: 786.93 samples/sec	accuracy=0.989258
Epoch[4] Batch [60]	Speed: 759.27 samples/sec	accuracy=0.989844
Epoch[4] Batch [80]	Speed: 803.56 samples/sec	accuracy=0.990234
Epoch[4] Batch [100]	Speed: 823.05 samples/sec	accuracy=0.992383
Epoch[4] Batch [120]	Speed: 809.83 samples/sec	accuracy=0.991211
Epoch[4] Batch [140]	Speed: 781.69 samples/sec	accuracy=0.991211
Epoch[4] Batch [160]	Speed: 790.73 samples/sec	accuracy=0.989258
Epoch[4] Batch [180]	Speed: 762.73 samples/sec	accuracy=0.990430
Epoch[4] Batch [200]	Speed: 807.59 samples/sec	accuracy=0.992578
Epoch[4] Batch [220]	Speed: 836.14 samples/sec	accuracy=0.993164
Epoch[4] Batch [240]	Speed: 762.04 samples/sec	accuracy=0.993945
Epoch[4] Batch [260]	Speed: 824.67 samples/sec	accuracy=0.989258
Epoch[4] Batch [280]	Speed: 769.37 samples/sec	accuracy=0.990625
Epoch[4] Batch [300]	Speed: 767.01 samples/sec	accuracy=0.990234
Epoch[4] Batch [320]	Speed: 845.24 samples/sec	accuracy=0.992969
Epoch[4] Batch [340]	Speed: 783.62 samples/sec	accuracy=0.991992
Epoch[4] Batch [360]	Speed: 824.50 samples/sec	accuracy=0.994141
Epoch[4] Batch [380]	Speed: 793.57 samples/sec	accuracy=0.992969
Epoch[4] Batch [400]	Speed: 793.77 samples/sec	accuracy=0.988672
Epoch[4] Batch [420]	Speed: 802.02 samples/sec	accuracy=0.988867
Epoch[4] Batch [440]	Speed: 827.08 samples/sec	accuracy=0.989453
Epoch[4] Batch [460]	Speed: 787.72 samples/sec	accuracy=0.992578
Epoch[4] Batch [480]	Speed: 777.11 samples/sec	accuracy=0.993555
Epoch[4] Batch [500]	Speed: 828.83 samples/sec	accuracy=0.993555
Epoch[4] Batch [520]	Speed: 867.38 samples/sec	accuracy=0.992188
Epoch[4] Batch [540]	Speed: 770.63 samples/sec	accuracy=0.994141
Epoch[4] Batch [560]	Speed: 829.15 samples/sec	accuracy=0.993359
Epoch[4] Batch [580]	Speed: 771.38 samples/sec	accuracy=0.992773
Epoch[4] Batch [600]	Speed: 808.80 samples/sec	accuracy=0.992188
Epoch[4] Batch [620]	Speed: 781.48 samples/sec	accuracy=0.991992
Epoch[4] Batch [640]	Speed: 798.73 samples/sec	accuracy=0.992578
Epoch[4] Batch [660]	Speed: 787.80 samples/sec	accuracy=0.991797
Epoch[4] Batch [680]	Speed: 804.63 samples/sec	accuracy=0.990625
Epoch[4] Batch [700]	Speed: 798.57 samples/sec	accuracy=0.989062
Epoch[4] Train-accuracy=0.992188
Epoch[4] Time cost=227.859
Saved checkpoint to "/mnt/data-1/data/jiajie.tang/highway/output/exp2/mobilenet-0005.params"
Epoch[4] Validation-accuracy=0.991902
Epoch[5] Batch [20]	Speed: 840.98 samples/sec	accuracy=0.992188
Epoch[5] Batch [40]	Speed: 780.44 samples/sec	accuracy=0.995117
Epoch[5] Batch [60]	Speed: 862.78 samples/sec	accuracy=0.992578
Epoch[5] Batch [80]	Speed: 802.61 samples/sec	accuracy=0.993164
Epoch[5] Batch [100]	Speed: 781.63 samples/sec	accuracy=0.993359
Epoch[5] Batch [120]	Speed: 783.26 samples/sec	accuracy=0.992773
Epoch[5] Batch [140]	Speed: 791.95 samples/sec	accuracy=0.993359
Epoch[5] Batch [160]	Speed: 790.19 samples/sec	accuracy=0.991016
Epoch[5] Batch [180]	Speed: 813.84 samples/sec	accuracy=0.991992
Epoch[5] Batch [200]	Speed: 803.79 samples/sec	accuracy=0.994336
Epoch[5] Batch [220]	Speed: 796.79 samples/sec	accuracy=0.992383
Epoch[5] Batch [240]	Speed: 825.28 samples/sec	accuracy=0.994141
Epoch[5] Batch [260]	Speed: 829.34 samples/sec	accuracy=0.991406
Epoch[5] Batch [280]	Speed: 840.05 samples/sec	accuracy=0.991211
Epoch[5] Batch [300]	Speed: 810.69 samples/sec	accuracy=0.993750
Epoch[5] Batch [320]	Speed: 804.45 samples/sec	accuracy=0.994141
Epoch[5] Batch [340]	Speed: 786.04 samples/sec	accuracy=0.992773
Epoch[5] Batch [360]	Speed: 790.73 samples/sec	accuracy=0.994336
Epoch[5] Batch [380]	Speed: 810.60 samples/sec	accuracy=0.993750
Epoch[5] Batch [400]	Speed: 841.34 samples/sec	accuracy=0.994141
Epoch[5] Batch [420]	Speed: 775.40 samples/sec	accuracy=0.992773
Epoch[5] Batch [440]	Speed: 853.32 samples/sec	accuracy=0.992188
Epoch[5] Batch [460]	Speed: 807.64 samples/sec	accuracy=0.993164
Epoch[5] Batch [480]	Speed: 842.62 samples/sec	accuracy=0.993750
Epoch[5] Batch [500]	Speed: 768.72 samples/sec	accuracy=0.994922
Epoch[5] Batch [520]	Speed: 776.29 samples/sec	accuracy=0.991797
Epoch[5] Batch [540]	Speed: 824.68 samples/sec	accuracy=0.994727
Epoch[5] Batch [560]	Speed: 822.46 samples/sec	accuracy=0.993945
Epoch[5] Batch [580]	Speed: 766.86 samples/sec	accuracy=0.995313
Epoch[5] Batch [600]	Speed: 807.24 samples/sec	accuracy=0.996680
Epoch[5] Batch [620]	Speed: 830.05 samples/sec	accuracy=0.994141
Epoch[5] Batch [640]	Speed: 790.23 samples/sec	accuracy=0.995508
Epoch[5] Batch [660]	Speed: 789.23 samples/sec	accuracy=0.994922
Epoch[5] Batch [680]	Speed: 806.00 samples/sec	accuracy=0.992188
Epoch[5] Batch [700]	Speed: 846.18 samples/sec	accuracy=0.991797
Epoch[5] Train-accuracy=0.994792
Epoch[5] Time cost=225.132
Epoch[5] Validation-accuracy=0.990797
Epoch[6] Batch [20]	Speed: 774.51 samples/sec	accuracy=0.994420
Epoch[6] Batch [40]	Speed: 805.44 samples/sec	accuracy=0.996094
Epoch[6] Batch [60]	Speed: 818.28 samples/sec	accuracy=0.994336
Epoch[6] Batch [80]	Speed: 805.56 samples/sec	accuracy=0.994922
Epoch[6] Batch [100]	Speed: 787.80 samples/sec	accuracy=0.994922
Epoch[6] Batch [120]	Speed: 820.18 samples/sec	accuracy=0.995898
Epoch[6] Batch [140]	Speed: 793.23 samples/sec	accuracy=0.995508
Epoch[6] Batch [160]	Speed: 824.72 samples/sec	accuracy=0.994531
Epoch[6] Batch [180]	Speed: 780.19 samples/sec	accuracy=0.996484
Epoch[6] Batch [200]	Speed: 830.37 samples/sec	accuracy=0.995703
Epoch[6] Batch [220]	Speed: 776.18 samples/sec	accuracy=0.995313
Epoch[6] Batch [240]	Speed: 770.83 samples/sec	accuracy=0.994336
Epoch[6] Batch [260]	Speed: 796.21 samples/sec	accuracy=0.993945
Epoch[6] Batch [280]	Speed: 900.29 samples/sec	accuracy=0.996680
Epoch[6] Batch [300]	Speed: 787.73 samples/sec	accuracy=0.995703
Epoch[6] Batch [320]	Speed: 735.31 samples/sec	accuracy=0.993164
Epoch[6] Batch [340]	Speed: 853.93 samples/sec	accuracy=0.991992
Epoch[6] Batch [360]	Speed: 818.21 samples/sec	accuracy=0.994141
Epoch[6] Batch [380]	Speed: 843.88 samples/sec	accuracy=0.996094
Epoch[6] Batch [400]	Speed: 769.81 samples/sec	accuracy=0.994141
Epoch[6] Batch [420]	Speed: 865.28 samples/sec	accuracy=0.996289
Epoch[6] Batch [440]	Speed: 765.36 samples/sec	accuracy=0.994531
Epoch[6] Batch [460]	Speed: 822.03 samples/sec	accuracy=0.995117
Epoch[6] Batch [480]	Speed: 806.62 samples/sec	accuracy=0.993750
Epoch[6] Batch [500]	Speed: 793.30 samples/sec	accuracy=0.996875
Epoch[6] Batch [520]	Speed: 849.76 samples/sec	accuracy=0.994531
Epoch[6] Batch [540]	Speed: 799.33 samples/sec	accuracy=0.996289
Epoch[6] Batch [560]	Speed: 771.31 samples/sec	accuracy=0.995508
Epoch[6] Batch [580]	Speed: 844.07 samples/sec	accuracy=0.996289
Epoch[6] Batch [600]	Speed: 769.14 samples/sec	accuracy=0.994922
Epoch[6] Batch [620]	Speed: 846.54 samples/sec	accuracy=0.993750
Epoch[6] Batch [640]	Speed: 774.75 samples/sec	accuracy=0.994922
Epoch[6] Batch [660]	Speed: 778.20 samples/sec	accuracy=0.995313
Epoch[6] Batch [680]	Speed: 766.71 samples/sec	accuracy=0.993555
Epoch[6] Batch [700]	Speed: 777.51 samples/sec	accuracy=0.995703
Epoch[6] Train-accuracy=0.994629
Epoch[6] Time cost=226.176
Epoch[6] Validation-accuracy=0.989686
Epoch[7] Batch [20]	Speed: 806.03 samples/sec	accuracy=0.996094
Epoch[7] Batch [40]	Speed: 866.64 samples/sec	accuracy=0.995508
Epoch[7] Batch [60]	Speed: 765.65 samples/sec	accuracy=0.996875
Epoch[7] Batch [80]	Speed: 867.00 samples/sec	accuracy=0.995703
Epoch[7] Batch [100]	Speed: 789.92 samples/sec	accuracy=0.996289
Epoch[7] Batch [120]	Speed: 769.24 samples/sec	accuracy=0.994727
Epoch[7] Batch [140]	Speed: 795.93 samples/sec	accuracy=0.997070
Epoch[7] Batch [160]	Speed: 851.28 samples/sec	accuracy=0.996094
Epoch[7] Batch [180]	Speed: 790.11 samples/sec	accuracy=0.996680
Epoch[7] Batch [200]	Speed: 768.84 samples/sec	accuracy=0.995313
Epoch[7] Batch [220]	Speed: 824.94 samples/sec	accuracy=0.996289
Epoch[7] Batch [240]	Speed: 813.85 samples/sec	accuracy=0.997070
Epoch[7] Batch [260]	Speed: 805.52 samples/sec	accuracy=0.994336
Epoch[7] Batch [280]	Speed: 763.44 samples/sec	accuracy=0.996289
Epoch[7] Batch [300]	Speed: 820.04 samples/sec	accuracy=0.997070
Epoch[7] Batch [320]	Speed: 838.53 samples/sec	accuracy=0.995898
Epoch[7] Batch [340]	Speed: 831.17 samples/sec	accuracy=0.994727
Epoch[7] Batch [360]	Speed: 793.72 samples/sec	accuracy=0.994727
Epoch[7] Batch [380]	Speed: 811.65 samples/sec	accuracy=0.995508
Epoch[7] Batch [400]	Speed: 780.22 samples/sec	accuracy=0.996289
Epoch[7] Batch [420]	Speed: 841.18 samples/sec	accuracy=0.993945
Epoch[7] Batch [440]	Speed: 770.84 samples/sec	accuracy=0.994141
Epoch[7] Batch [460]	Speed: 798.13 samples/sec	accuracy=0.994727
Epoch[7] Batch [480]	Speed: 795.24 samples/sec	accuracy=0.996680
Epoch[7] Batch [500]	Speed: 775.48 samples/sec	accuracy=0.996289
Epoch[7] Batch [520]	Speed: 805.52 samples/sec	accuracy=0.994531
Epoch[7] Batch [540]	Speed: 836.76 samples/sec	accuracy=0.996875
Epoch[7] Batch [560]	Speed: 787.79 samples/sec	accuracy=0.995703
Epoch[7] Batch [580]	Speed: 830.81 samples/sec	accuracy=0.995508
Epoch[7] Batch [600]	Speed: 840.89 samples/sec	accuracy=0.997656
Epoch[7] Batch [620]	Speed: 777.62 samples/sec	accuracy=0.995703
Epoch[7] Batch [640]	Speed: 838.01 samples/sec	accuracy=0.997070
Epoch[7] Batch [660]	Speed: 759.78 samples/sec	accuracy=0.994922
Epoch[7] Batch [680]	Speed: 820.65 samples/sec	accuracy=0.994922
Epoch[7] Batch [700]	Speed: 749.56 samples/sec	accuracy=0.995117
Epoch[7] Train-accuracy=0.995226
Epoch[7] Time cost=225.951
Epoch[7] Validation-accuracy=0.994416
Epoch[8] Batch [20]	Speed: 842.49 samples/sec	accuracy=0.996838
Epoch[8] Batch [40]	Speed: 783.08 samples/sec	accuracy=0.997852
Epoch[8] Batch [60]	Speed: 803.11 samples/sec	accuracy=0.997070
Epoch[8] Batch [80]	Speed: 801.02 samples/sec	accuracy=0.996875
Epoch[8] Batch [100]	Speed: 745.44 samples/sec	accuracy=0.996484
Epoch[8] Batch [120]	Speed: 815.88 samples/sec	accuracy=0.997266
Epoch[8] Batch [140]	Speed: 810.39 samples/sec	accuracy=0.996484
Epoch[8] Batch [160]	Speed: 795.62 samples/sec	accuracy=0.995117
Epoch[8] Batch [180]	Speed: 796.89 samples/sec	accuracy=0.996875
Epoch[8] Batch [200]	Speed: 835.90 samples/sec	accuracy=0.995703
Epoch[8] Batch [220]	Speed: 801.61 samples/sec	accuracy=0.996680
Epoch[8] Batch [240]	Speed: 773.30 samples/sec	accuracy=0.997070
Epoch[8] Batch [260]	Speed: 852.49 samples/sec	accuracy=0.996875
Epoch[8] Batch [280]	Speed: 776.84 samples/sec	accuracy=0.998437
Epoch[8] Batch [300]	Speed: 759.79 samples/sec	accuracy=0.997852
Epoch[8] Batch [320]	Speed: 812.75 samples/sec	accuracy=0.996680
Epoch[8] Batch [340]	Speed: 790.69 samples/sec	accuracy=0.996875
Epoch[8] Batch [360]	Speed: 774.79 samples/sec	accuracy=0.996680
Epoch[8] Batch [380]	Speed: 815.00 samples/sec	accuracy=0.995898
Epoch[8] Batch [400]	Speed: 810.96 samples/sec	accuracy=0.996484
Epoch[8] Batch [420]	Speed: 812.45 samples/sec	accuracy=0.996484
Epoch[8] Batch [440]	Speed: 794.99 samples/sec	accuracy=0.996289
Epoch[8] Batch [460]	Speed: 797.76 samples/sec	accuracy=0.997266
Epoch[8] Batch [480]	Speed: 817.10 samples/sec	accuracy=0.996094
Epoch[8] Batch [500]	Speed: 766.89 samples/sec	accuracy=0.995117
Epoch[8] Batch [520]	Speed: 815.26 samples/sec	accuracy=0.995703
Epoch[8] Batch [540]	Speed: 780.96 samples/sec	accuracy=0.997070
Epoch[8] Batch [560]	Speed: 881.33 samples/sec	accuracy=0.996875
Epoch[8] Batch [580]	Speed: 801.15 samples/sec	accuracy=0.996094
Epoch[8] Batch [600]	Speed: 812.49 samples/sec	accuracy=0.996680
Epoch[8] Batch [620]	Speed: 781.88 samples/sec	accuracy=0.995508
Epoch[8] Batch [640]	Speed: 780.35 samples/sec	accuracy=0.996875
Epoch[8] Batch [660]	Speed: 800.04 samples/sec	accuracy=0.997070
Epoch[8] Batch [680]	Speed: 809.63 samples/sec	accuracy=0.996875
Epoch[8] Batch [700]	Speed: 821.94 samples/sec	accuracy=0.996094
Epoch[8] Train-accuracy=0.996528
Epoch[8] Time cost=226.721
Epoch[8] Validation-accuracy=0.992912
Epoch[9] Batch [20]	Speed: 833.38 samples/sec	accuracy=0.994792
Epoch[9] Batch [40]	Speed: 788.75 samples/sec	accuracy=0.996875
Epoch[9] Batch [60]	Speed: 835.89 samples/sec	accuracy=0.995508
Epoch[9] Batch [80]	Speed: 783.99 samples/sec	accuracy=0.996289
Epoch[9] Batch [100]	Speed: 812.36 samples/sec	accuracy=0.995898
Epoch[9] Batch [120]	Speed: 811.74 samples/sec	accuracy=0.996875
Epoch[9] Batch [140]	Speed: 842.02 samples/sec	accuracy=0.995508
Epoch[9] Batch [160]	Speed: 778.83 samples/sec	accuracy=0.996875
Epoch[9] Batch [180]	Speed: 821.32 samples/sec	accuracy=0.997852
Epoch[9] Batch [200]	Speed: 830.70 samples/sec	accuracy=0.997266
Epoch[9] Batch [220]	Speed: 785.16 samples/sec	accuracy=0.997070
Epoch[9] Batch [240]	Speed: 862.62 samples/sec	accuracy=0.997461
Epoch[9] Batch [260]	Speed: 761.49 samples/sec	accuracy=0.997656
Epoch[9] Batch [280]	Speed: 821.62 samples/sec	accuracy=0.996094
Epoch[9] Batch [300]	Speed: 851.05 samples/sec	accuracy=0.997656
Epoch[9] Batch [320]	Speed: 806.44 samples/sec	accuracy=0.996680
Epoch[9] Batch [340]	Speed: 798.38 samples/sec	accuracy=0.996680
Epoch[9] Batch [360]	Speed: 749.77 samples/sec	accuracy=0.994727
Epoch[9] Batch [380]	Speed: 786.67 samples/sec	accuracy=0.996680
Epoch[9] Batch [400]	Speed: 859.32 samples/sec	accuracy=0.998242
Epoch[9] Batch [420]	Speed: 761.48 samples/sec	accuracy=0.996484
Epoch[9] Batch [440]	Speed: 809.31 samples/sec	accuracy=0.995508
Epoch[9] Batch [460]	Speed: 797.08 samples/sec	accuracy=0.997266
Epoch[9] Batch [480]	Speed: 797.52 samples/sec	accuracy=0.997461
Epoch[9] Batch [500]	Speed: 767.91 samples/sec	accuracy=0.997070
Epoch[9] Batch [520]	Speed: 781.24 samples/sec	accuracy=0.995898
Epoch[9] Batch [540]	Speed: 808.18 samples/sec	accuracy=0.996875
Epoch[9] Batch [560]	Speed: 802.39 samples/sec	accuracy=0.996875
Epoch[9] Batch [580]	Speed: 804.82 samples/sec	accuracy=0.996094
Epoch[9] Batch [600]	Speed: 828.75 samples/sec	accuracy=0.997070
Epoch[9] Batch [620]	Speed: 809.01 samples/sec	accuracy=0.997070
Epoch[9] Batch [640]	Speed: 827.61 samples/sec	accuracy=0.997656
Epoch[9] Batch [660]	Speed: 790.91 samples/sec	accuracy=0.997656
Epoch[9] Batch [680]	Speed: 809.30 samples/sec	accuracy=0.996094
Epoch[9] Batch [700]	Speed: 785.37 samples/sec	accuracy=0.995703
Epoch[9] Train-accuracy=0.996962
Epoch[9] Time cost=225.514
Saved checkpoint to "/mnt/data-1/data/jiajie.tang/highway/output/exp2/mobilenet-0010.params"
Epoch[9] Validation-accuracy=0.991989
Epoch[10] Batch [20]	Speed: 770.69 samples/sec	accuracy=0.998326
Epoch[10] Batch [40]	Speed: 796.30 samples/sec	accuracy=0.998633
Epoch[10] Batch [60]	Speed: 761.64 samples/sec	accuracy=0.997070
Epoch[10] Batch [80]	Speed: 800.65 samples/sec	accuracy=0.997266
Epoch[10] Batch [100]	Speed: 778.62 samples/sec	accuracy=0.997852
Epoch[10] Batch [120]	Speed: 796.23 samples/sec	accuracy=0.999023
Epoch[10] Batch [140]	Speed: 792.61 samples/sec	accuracy=0.997266
Epoch[10] Batch [160]	Speed: 809.95 samples/sec	accuracy=0.996875
Epoch[10] Batch [180]	Speed: 788.53 samples/sec	accuracy=0.997461
Epoch[10] Batch [200]	Speed: 801.06 samples/sec	accuracy=0.998828
Epoch[10] Batch [220]	Speed: 811.95 samples/sec	accuracy=0.998633
Epoch[10] Batch [240]	Speed: 820.32 samples/sec	accuracy=0.999023
Epoch[10] Batch [260]	Speed: 862.16 samples/sec	accuracy=0.998828
Epoch[10] Batch [280]	Speed: 829.34 samples/sec	accuracy=0.997266
Epoch[10] Batch [300]	Speed: 770.98 samples/sec	accuracy=0.997656
Epoch[10] Batch [320]	Speed: 785.78 samples/sec	accuracy=0.998828
Epoch[10] Batch [340]	Speed: 841.74 samples/sec	accuracy=0.998633
Epoch[10] Batch [360]	Speed: 797.08 samples/sec	accuracy=0.997461
Epoch[10] Batch [380]	Speed: 789.99 samples/sec	accuracy=0.998242
Epoch[10] Batch [400]	Speed: 823.79 samples/sec	accuracy=0.997070
Epoch[10] Batch [420]	Speed: 781.56 samples/sec	accuracy=0.996484
Epoch[10] Batch [440]	Speed: 817.83 samples/sec	accuracy=0.997266
Epoch[10] Batch [460]	Speed: 815.74 samples/sec	accuracy=0.998633
Epoch[10] Batch [480]	Speed: 797.06 samples/sec	accuracy=0.997461
Epoch[10] Batch [500]	Speed: 799.95 samples/sec	accuracy=0.997656
Epoch[10] Batch [520]	Speed: 812.04 samples/sec	accuracy=0.996875
Epoch[10] Batch [540]	Speed: 806.16 samples/sec	accuracy=0.997461
Epoch[10] Batch [560]	Speed: 790.71 samples/sec	accuracy=0.998242
Epoch[10] Batch [580]	Speed: 821.30 samples/sec	accuracy=0.998242
Epoch[10] Batch [600]	Speed: 850.37 samples/sec	accuracy=0.998633
Epoch[10] Batch [620]	Speed: 752.65 samples/sec	accuracy=0.998633
Epoch[10] Batch [640]	Speed: 792.20 samples/sec	accuracy=0.998047
Epoch[10] Batch [660]	Speed: 850.73 samples/sec	accuracy=0.998047
Epoch[10] Batch [680]	Speed: 814.73 samples/sec	accuracy=0.996484
Epoch[10] Batch [700]	Speed: 769.73 samples/sec	accuracy=0.995898
Epoch[10] Train-accuracy=0.996528
Epoch[10] Time cost=226.096
Epoch[10] Validation-accuracy=0.994075
Epoch[11] Batch [20]	Speed: 828.90 samples/sec	accuracy=0.995350
Epoch[11] Batch [40]	Speed: 787.70 samples/sec	accuracy=0.998242
Epoch[11] Batch [60]	Speed: 805.23 samples/sec	accuracy=0.996289
Epoch[11] Batch [80]	Speed: 815.25 samples/sec	accuracy=0.998047
Epoch[11] Batch [100]	Speed: 806.95 samples/sec	accuracy=0.997656
Epoch[11] Batch [120]	Speed: 825.09 samples/sec	accuracy=0.997266
Epoch[11] Batch [140]	Speed: 819.46 samples/sec	accuracy=0.998828
Epoch[11] Batch [160]	Speed: 797.43 samples/sec	accuracy=0.997852
Epoch[11] Batch [180]	Speed: 815.17 samples/sec	accuracy=0.997852
Epoch[11] Batch [200]	Speed: 782.64 samples/sec	accuracy=0.997266
Epoch[11] Batch [220]	Speed: 816.10 samples/sec	accuracy=0.998242
Epoch[11] Batch [240]	Speed: 760.22 samples/sec	accuracy=0.998047
Epoch[11] Batch [260]	Speed: 819.35 samples/sec	accuracy=0.997852
Epoch[11] Batch [280]	Speed: 824.53 samples/sec	accuracy=0.998437
Epoch[11] Batch [300]	Speed: 800.91 samples/sec	accuracy=0.998437
Epoch[11] Batch [320]	Speed: 821.55 samples/sec	accuracy=0.996094
Epoch[11] Batch [340]	Speed: 760.71 samples/sec	accuracy=0.997461
Epoch[11] Batch [360]	Speed: 834.12 samples/sec	accuracy=0.998047
Epoch[11] Batch [380]	Speed: 786.63 samples/sec	accuracy=0.998437
Epoch[11] Batch [400]	Speed: 811.63 samples/sec	accuracy=0.996875
Epoch[11] Batch [420]	Speed: 797.02 samples/sec	accuracy=0.997070
Epoch[11] Batch [440]	Speed: 835.92 samples/sec	accuracy=0.997070
Epoch[11] Batch [460]	Speed: 817.23 samples/sec	accuracy=0.997656
Epoch[11] Batch [480]	Speed: 778.13 samples/sec	accuracy=0.997266
Epoch[11] Batch [500]	Speed: 792.77 samples/sec	accuracy=0.997070
Epoch[11] Batch [520]	Speed: 801.27 samples/sec	accuracy=0.997461
Epoch[11] Batch [540]	Speed: 816.96 samples/sec	accuracy=0.997656
Epoch[11] Batch [560]	Speed: 812.53 samples/sec	accuracy=0.997266
Epoch[11] Batch [580]	Speed: 739.87 samples/sec	accuracy=0.998047
Epoch[11] Batch [600]	Speed: 842.74 samples/sec	accuracy=0.998242
Epoch[11] Batch [620]	Speed: 811.39 samples/sec	accuracy=0.998242
Epoch[11] Batch [640]	Speed: 770.21 samples/sec	accuracy=0.998242
Epoch[11] Batch [660]	Speed: 805.19 samples/sec	accuracy=0.998242
Epoch[11] Batch [680]	Speed: 799.80 samples/sec	accuracy=0.998047
Epoch[11] Batch [700]	Speed: 822.19 samples/sec	accuracy=0.998047
Epoch[11] Train-accuracy=1.000000
Epoch[11] Time cost=226.039
Epoch[11] Validation-accuracy=0.995961
Epoch[12] Batch [20]	Speed: 811.72 samples/sec	accuracy=0.997396
Epoch[12] Batch [40]	Speed: 815.17 samples/sec	accuracy=0.996680
Epoch[12] Batch [60]	Speed: 844.09 samples/sec	accuracy=0.997656
Epoch[12] Batch [80]	Speed: 850.50 samples/sec	accuracy=0.995898
Epoch[12] Batch [100]	Speed: 778.71 samples/sec	accuracy=0.997852
Epoch[12] Batch [120]	Speed: 810.13 samples/sec	accuracy=0.997070
Epoch[12] Batch [140]	Speed: 802.50 samples/sec	accuracy=0.998047
Epoch[12] Batch [160]	Speed: 808.18 samples/sec	accuracy=0.998242
Epoch[12] Batch [180]	Speed: 895.84 samples/sec	accuracy=0.998242
Epoch[12] Batch [200]	Speed: 790.51 samples/sec	accuracy=0.998437
Epoch[12] Batch [220]	Speed: 788.73 samples/sec	accuracy=0.996875
Epoch[12] Batch [240]	Speed: 783.46 samples/sec	accuracy=0.998437
Epoch[12] Batch [260]	Speed: 775.80 samples/sec	accuracy=0.996680
Epoch[12] Batch [280]	Speed: 794.65 samples/sec	accuracy=0.997656
Epoch[12] Batch [300]	Speed: 836.73 samples/sec	accuracy=0.997656
Epoch[12] Batch [320]	Speed: 774.75 samples/sec	accuracy=0.998047
Epoch[12] Batch [340]	Speed: 789.47 samples/sec	accuracy=0.998828
Epoch[12] Batch [360]	Speed: 798.97 samples/sec	accuracy=0.998047
Epoch[12] Batch [380]	Speed: 821.15 samples/sec	accuracy=0.998437
Epoch[12] Batch [400]	Speed: 820.24 samples/sec	accuracy=0.998047
Epoch[12] Batch [420]	Speed: 786.11 samples/sec	accuracy=0.998828
Epoch[12] Batch [440]	Speed: 815.28 samples/sec	accuracy=0.999023
Epoch[12] Batch [460]	Speed: 789.22 samples/sec	accuracy=0.999023
Epoch[12] Batch [480]	Speed: 815.07 samples/sec	accuracy=0.998633
Epoch[12] Batch [500]	Speed: 792.25 samples/sec	accuracy=0.998633
Epoch[12] Batch [520]	Speed: 796.35 samples/sec	accuracy=0.998437
Epoch[12] Batch [540]	Speed: 845.14 samples/sec	accuracy=0.997070
Epoch[12] Batch [560]	Speed: 807.60 samples/sec	accuracy=0.998242
Epoch[12] Batch [580]	Speed: 789.13 samples/sec	accuracy=0.998242
Epoch[12] Batch [600]	Speed: 800.15 samples/sec	accuracy=0.997852
Epoch[12] Batch [620]	Speed: 846.97 samples/sec	accuracy=0.998242
Epoch[12] Batch [640]	Speed: 776.73 samples/sec	accuracy=0.999023
Epoch[12] Batch [660]	Speed: 824.21 samples/sec	accuracy=0.997852
Epoch[12] Batch [680]	Speed: 784.31 samples/sec	accuracy=0.996875
Epoch[12] Batch [700]	Speed: 789.94 samples/sec	accuracy=0.998633
Epoch[12] Train-accuracy=1.000000
Epoch[12] Time cost=225.122
Epoch[12] Validation-accuracy=0.995851
Epoch[13] Batch [20]	Speed: 804.04 samples/sec	accuracy=0.999256
Epoch[13] Batch [40]	Speed: 777.27 samples/sec	accuracy=0.998633
Epoch[13] Batch [60]	Speed: 792.55 samples/sec	accuracy=0.998437
Epoch[13] Batch [80]	Speed: 893.06 samples/sec	accuracy=0.996094
Epoch[13] Batch [100]	Speed: 770.74 samples/sec	accuracy=0.998437
Epoch[13] Batch [120]	Speed: 797.62 samples/sec	accuracy=0.998437
Epoch[13] Batch [140]	Speed: 864.90 samples/sec	accuracy=0.997656
Epoch[13] Batch [160]	Speed: 784.60 samples/sec	accuracy=0.997656
Epoch[13] Batch [180]	Speed: 834.50 samples/sec	accuracy=0.998437
Epoch[13] Batch [200]	Speed: 812.34 samples/sec	accuracy=0.998437
Epoch[13] Batch [220]	Speed: 821.23 samples/sec	accuracy=0.996484
Epoch[13] Batch [240]	Speed: 776.61 samples/sec	accuracy=0.998828
Epoch[13] Batch [260]	Speed: 789.99 samples/sec	accuracy=0.998437
Epoch[13] Batch [280]	Speed: 798.24 samples/sec	accuracy=0.998633
Epoch[13] Batch [300]	Speed: 794.26 samples/sec	accuracy=0.998437
Epoch[13] Batch [320]	Speed: 729.63 samples/sec	accuracy=0.997852
Epoch[13] Batch [340]	Speed: 810.62 samples/sec	accuracy=0.998047
Epoch[13] Batch [360]	Speed: 783.46 samples/sec	accuracy=0.999609
Epoch[13] Batch [380]	Speed: 812.56 samples/sec	accuracy=0.997656
Epoch[13] Batch [400]	Speed: 817.61 samples/sec	accuracy=0.998437
Epoch[13] Batch [420]	Speed: 832.07 samples/sec	accuracy=0.998242
Epoch[13] Batch [440]	Speed: 757.99 samples/sec	accuracy=0.998047
Epoch[13] Batch [460]	Speed: 737.85 samples/sec	accuracy=0.998633
Epoch[13] Batch [480]	Speed: 806.25 samples/sec	accuracy=0.998437
Epoch[13] Batch [500]	Speed: 822.18 samples/sec	accuracy=0.999805
Epoch[13] Batch [520]	Speed: 792.90 samples/sec	accuracy=0.998437
Epoch[13] Batch [540]	Speed: 794.14 samples/sec	accuracy=0.998633
Epoch[13] Batch [560]	Speed: 808.35 samples/sec	accuracy=0.999414
Epoch[13] Batch [580]	Speed: 801.20 samples/sec	accuracy=0.998828
Epoch[13] Batch [600]	Speed: 805.17 samples/sec	accuracy=0.998828
Epoch[13] Batch [620]	Speed: 816.06 samples/sec	accuracy=0.999023
Epoch[13] Batch [640]	Speed: 831.28 samples/sec	accuracy=0.998242
Epoch[13] Batch [660]	Speed: 835.36 samples/sec	accuracy=0.998242
Epoch[13] Batch [680]	Speed: 774.90 samples/sec	accuracy=0.998242
Epoch[13] Batch [700]	Speed: 776.18 samples/sec	accuracy=0.997461
Epoch[13] Train-accuracy=0.998047
Epoch[13] Time cost=226.592
Epoch[13] Validation-accuracy=0.996006
Epoch[14] Batch [20]	Speed: 794.21 samples/sec	accuracy=0.998698
Epoch[14] Batch [40]	Speed: 825.86 samples/sec	accuracy=0.998437
Epoch[14] Batch [60]	Speed: 794.45 samples/sec	accuracy=0.998242
Epoch[14] Batch [80]	Speed: 842.62 samples/sec	accuracy=0.998633
Epoch[14] Batch [100]	Speed: 774.77 samples/sec	accuracy=0.998633
Epoch[14] Batch [120]	Speed: 836.84 samples/sec	accuracy=0.998242
Epoch[14] Batch [140]	Speed: 815.38 samples/sec	accuracy=0.998437
Epoch[14] Batch [160]	Speed: 816.40 samples/sec	accuracy=0.998828
Epoch[14] Batch [180]	Speed: 840.67 samples/sec	accuracy=0.998633
Epoch[14] Batch [200]	Speed: 767.80 samples/sec	accuracy=0.998437
Epoch[14] Batch [220]	Speed: 832.12 samples/sec	accuracy=0.998633
Epoch[14] Batch [240]	Speed: 789.44 samples/sec	accuracy=0.998633
Epoch[14] Batch [260]	Speed: 826.32 samples/sec	accuracy=0.998437
Epoch[14] Batch [280]	Speed: 825.54 samples/sec	accuracy=0.998242
Epoch[14] Batch [300]	Speed: 773.23 samples/sec	accuracy=0.998633
Epoch[14] Batch [320]	Speed: 788.63 samples/sec	accuracy=0.998828
Epoch[14] Batch [340]	Speed: 824.72 samples/sec	accuracy=0.998633
Epoch[14] Batch [360]	Speed: 778.00 samples/sec	accuracy=0.999414
Epoch[14] Batch [380]	Speed: 786.41 samples/sec	accuracy=0.998633
Epoch[14] Batch [400]	Speed: 820.65 samples/sec	accuracy=0.998633
Epoch[14] Batch [420]	Speed: 781.26 samples/sec	accuracy=0.997852
Epoch[14] Batch [440]	Speed: 825.75 samples/sec	accuracy=0.998437
Epoch[14] Batch [460]	Speed: 771.37 samples/sec	accuracy=0.998047
Epoch[14] Batch [480]	Speed: 820.36 samples/sec	accuracy=0.998633
Epoch[14] Batch [500]	Speed: 818.66 samples/sec	accuracy=0.999414
Epoch[14] Batch [520]	Speed: 811.71 samples/sec	accuracy=0.998633
Epoch[14] Batch [540]	Speed: 773.41 samples/sec	accuracy=0.999609
Epoch[14] Batch [560]	Speed: 825.72 samples/sec	accuracy=0.999609
Epoch[14] Batch [580]	Speed: 817.63 samples/sec	accuracy=0.999609
Epoch[14] Batch [600]	Speed: 742.77 samples/sec	accuracy=0.999219
Epoch[14] Batch [620]	Speed: 820.56 samples/sec	accuracy=0.999023
Epoch[14] Batch [640]	Speed: 796.06 samples/sec	accuracy=0.999023
Epoch[14] Batch [660]	Speed: 807.01 samples/sec	accuracy=0.999219
Epoch[14] Batch [680]	Speed: 848.60 samples/sec	accuracy=0.998828
Epoch[14] Batch [700]	Speed: 813.26 samples/sec	accuracy=0.998828
Epoch[14] Train-accuracy=0.999566
Epoch[14] Time cost=225.337
Saved checkpoint to "/mnt/data-1/data/jiajie.tang/highway/output/exp2/mobilenet-0015.params"
Epoch[14] Validation-accuracy=0.995917
Epoch[15] Batch [20]	Speed: 818.13 samples/sec	accuracy=0.998698
Epoch[15] Batch [40]	Speed: 825.47 samples/sec	accuracy=0.999805
Epoch[15] Batch [60]	Speed: 820.50 samples/sec	accuracy=0.998242
Epoch[15] Batch [80]	Speed: 804.71 samples/sec	accuracy=0.997852
Epoch[15] Batch [100]	Speed: 838.52 samples/sec	accuracy=0.998633
Epoch[15] Batch [120]	Speed: 800.04 samples/sec	accuracy=0.998633
Epoch[15] Batch [140]	Speed: 785.86 samples/sec	accuracy=0.998828
Epoch[15] Batch [160]	Speed: 771.68 samples/sec	accuracy=0.999023
Epoch[15] Batch [180]	Speed: 813.95 samples/sec	accuracy=0.998633
Epoch[15] Batch [200]	Speed: 798.82 samples/sec	accuracy=0.998828
Epoch[15] Batch [220]	Speed: 846.50 samples/sec	accuracy=0.999219
Epoch[15] Batch [240]	Speed: 845.03 samples/sec	accuracy=0.998828
Epoch[15] Batch [260]	Speed: 813.04 samples/sec	accuracy=0.998633
Epoch[15] Batch [280]	Speed: 797.41 samples/sec	accuracy=0.998242
Epoch[15] Batch [300]	Speed: 794.24 samples/sec	accuracy=0.999219
Epoch[15] Batch [320]	Speed: 812.46 samples/sec	accuracy=0.999805
Epoch[15] Batch [340]	Speed: 791.57 samples/sec	accuracy=0.999023
Epoch[15] Batch [360]	Speed: 791.44 samples/sec	accuracy=0.999219
Epoch[15] Batch [380]	Speed: 749.38 samples/sec	accuracy=0.999805
Epoch[15] Batch [400]	Speed: 758.60 samples/sec	accuracy=0.999219
Epoch[15] Batch [420]	Speed: 748.62 samples/sec	accuracy=0.999414
Epoch[15] Batch [440]	Speed: 810.55 samples/sec	accuracy=0.998437
Epoch[15] Batch [460]	Speed: 835.83 samples/sec	accuracy=0.999219
Epoch[15] Batch [480]	Speed: 799.33 samples/sec	accuracy=0.998633
Epoch[15] Batch [500]	Speed: 825.37 samples/sec	accuracy=0.997852
Epoch[15] Batch [520]	Speed: 796.18 samples/sec	accuracy=0.996680
Epoch[15] Batch [540]	Speed: 807.52 samples/sec	accuracy=0.996875
Epoch[15] Batch [560]	Speed: 823.52 samples/sec	accuracy=0.998437
Epoch[15] Batch [580]	Speed: 789.66 samples/sec	accuracy=0.997852
Epoch[15] Batch [600]	Speed: 798.33 samples/sec	accuracy=0.999219
Epoch[15] Batch [620]	Speed: 794.61 samples/sec	accuracy=0.998242
Epoch[15] Batch [640]	Speed: 817.80 samples/sec	accuracy=0.999219
Epoch[15] Batch [660]	Speed: 790.44 samples/sec	accuracy=0.998242
Epoch[15] Batch [680]	Speed: 799.49 samples/sec	accuracy=0.999023
Epoch[15] Batch [700]	Speed: 770.85 samples/sec	accuracy=0.999219
Epoch[15] Train-accuracy=0.999566
Epoch[15] Time cost=226.509
Epoch[15] Validation-accuracy=0.996730
Epoch[16] Batch [20]	Speed: 816.21 samples/sec	accuracy=0.998698
Epoch[16] Batch [40]	Speed: 806.83 samples/sec	accuracy=0.998242
Epoch[16] Batch [60]	Speed: 844.53 samples/sec	accuracy=0.999414
Epoch[16] Batch [80]	Speed: 829.71 samples/sec	accuracy=0.999414
Epoch[16] Batch [100]	Speed: 818.00 samples/sec	accuracy=0.999219
Epoch[16] Batch [120]	Speed: 828.55 samples/sec	accuracy=0.998047
Epoch[16] Batch [140]	Speed: 783.62 samples/sec	accuracy=0.999023
Epoch[16] Batch [160]	Speed: 801.20 samples/sec	accuracy=0.999414
Epoch[16] Batch [180]	Speed: 799.39 samples/sec	accuracy=0.999023
Epoch[16] Batch [200]	Speed: 774.17 samples/sec	accuracy=0.999219
Epoch[16] Batch [220]	Speed: 779.89 samples/sec	accuracy=0.998828
Epoch[16] Batch [240]	Speed: 850.09 samples/sec	accuracy=0.999023
Epoch[16] Batch [260]	Speed: 794.98 samples/sec	accuracy=0.999219
Epoch[16] Batch [280]	Speed: 762.72 samples/sec	accuracy=0.998828
Epoch[16] Batch [300]	Speed: 836.10 samples/sec	accuracy=0.998047
Epoch[16] Batch [320]	Speed: 813.87 samples/sec	accuracy=0.998828
Epoch[16] Batch [340]	Speed: 816.39 samples/sec	accuracy=0.997852
Epoch[16] Batch [360]	Speed: 799.28 samples/sec	accuracy=0.999219
Epoch[16] Batch [380]	Speed: 786.61 samples/sec	accuracy=0.998437
Epoch[16] Batch [400]	Speed: 845.97 samples/sec	accuracy=0.998633
Epoch[16] Batch [420]	Speed: 786.44 samples/sec	accuracy=0.999414
Epoch[16] Batch [440]	Speed: 793.86 samples/sec	accuracy=0.999023
Epoch[16] Batch [460]	Speed: 734.34 samples/sec	accuracy=0.999219
Epoch[16] Batch [480]	Speed: 846.77 samples/sec	accuracy=0.999023
Epoch[16] Batch [500]	Speed: 779.78 samples/sec	accuracy=0.998828
Epoch[16] Batch [520]	Speed: 818.24 samples/sec	accuracy=0.999414
Epoch[16] Batch [540]	Speed: 801.53 samples/sec	accuracy=0.999805
Epoch[16] Batch [560]	Speed: 777.23 samples/sec	accuracy=0.999609
Epoch[16] Batch [580]	Speed: 843.17 samples/sec	accuracy=0.999609
Epoch[16] Batch [600]	Speed: 794.17 samples/sec	accuracy=0.999414
Epoch[16] Batch [620]	Speed: 783.17 samples/sec	accuracy=0.998828
Epoch[16] Batch [640]	Speed: 816.52 samples/sec	accuracy=0.999609
Epoch[16] Batch [660]	Speed: 808.71 samples/sec	accuracy=0.998633
Epoch[16] Batch [680]	Speed: 809.77 samples/sec	accuracy=0.999414
Epoch[16] Batch [700]	Speed: 800.53 samples/sec	accuracy=0.998242
Epoch[16] Train-accuracy=0.999132
Epoch[16] Time cost=225.739
Epoch[16] Validation-accuracy=0.994968
Epoch[17] Batch [20]	Speed: 777.75 samples/sec	accuracy=0.998884
Epoch[17] Batch [40]	Speed: 781.62 samples/sec	accuracy=0.999609
Epoch[17] Batch [60]	Speed: 806.46 samples/sec	accuracy=0.999219
Epoch[17] Batch [80]	Speed: 797.16 samples/sec	accuracy=0.998633
Epoch[17] Batch [100]	Speed: 806.07 samples/sec	accuracy=0.998047
Epoch[17] Batch [120]	Speed: 797.78 samples/sec	accuracy=0.998633
Epoch[17] Batch [140]	Speed: 804.36 samples/sec	accuracy=0.999219
Epoch[17] Batch [160]	Speed: 766.21 samples/sec	accuracy=0.998633
Epoch[17] Batch [180]	Speed: 779.80 samples/sec	accuracy=0.999414
Epoch[17] Batch [200]	Speed: 766.34 samples/sec	accuracy=0.998633
Epoch[17] Batch [220]	Speed: 793.82 samples/sec	accuracy=0.999023
Epoch[17] Batch [240]	Speed: 877.87 samples/sec	accuracy=0.998437
Epoch[17] Batch [260]	Speed: 812.34 samples/sec	accuracy=0.999023
Epoch[17] Batch [280]	Speed: 837.91 samples/sec	accuracy=0.998633
Epoch[17] Batch [300]	Speed: 805.77 samples/sec	accuracy=0.999023
Epoch[17] Batch [320]	Speed: 787.35 samples/sec	accuracy=0.998828
Epoch[17] Batch [340]	Speed: 857.21 samples/sec	accuracy=0.999023
Epoch[17] Batch [360]	Speed: 808.97 samples/sec	accuracy=0.998437
Epoch[17] Batch [380]	Speed: 777.25 samples/sec	accuracy=0.999219
Epoch[17] Batch [400]	Speed: 828.12 samples/sec	accuracy=0.999414
Epoch[17] Batch [420]	Speed: 792.14 samples/sec	accuracy=0.999805
Epoch[17] Batch [440]	Speed: 786.43 samples/sec	accuracy=0.998633
Epoch[17] Batch [460]	Speed: 825.11 samples/sec	accuracy=0.998633
Epoch[17] Batch [480]	Speed: 801.13 samples/sec	accuracy=0.998242
Epoch[17] Batch [500]	Speed: 824.33 samples/sec	accuracy=0.998633
Epoch[17] Batch [520]	Speed: 794.63 samples/sec	accuracy=0.999219
Epoch[17] Batch [540]	Speed: 758.67 samples/sec	accuracy=0.999414
Epoch[17] Batch [560]	Speed: 800.18 samples/sec	accuracy=0.999023
Epoch[17] Batch [580]	Speed: 778.41 samples/sec	accuracy=0.999414
Epoch[17] Batch [600]	Speed: 788.70 samples/sec	accuracy=0.999609
Epoch[17] Batch [620]	Speed: 817.15 samples/sec	accuracy=0.998047
Epoch[17] Batch [640]	Speed: 828.74 samples/sec	accuracy=0.998828
Epoch[17] Batch [660]	Speed: 775.90 samples/sec	accuracy=0.998242
Epoch[17] Batch [680]	Speed: 801.15 samples/sec	accuracy=0.998828
Epoch[17] Batch [700]	Speed: 758.63 samples/sec	accuracy=0.998633
Epoch[17] Train-accuracy=1.000000
Epoch[17] Time cost=226.928
Epoch[17] Validation-accuracy=0.997037
Epoch[18] Batch [20]	Speed: 873.19 samples/sec	accuracy=0.999070
Epoch[18] Batch [40]	Speed: 821.64 samples/sec	accuracy=0.999414
Epoch[18] Batch [60]	Speed: 784.73 samples/sec	accuracy=0.998828
Epoch[18] Batch [80]	Speed: 800.54 samples/sec	accuracy=0.998633
Epoch[18] Batch [100]	Speed: 765.40 samples/sec	accuracy=0.998242
Epoch[18] Batch [120]	Speed: 830.16 samples/sec	accuracy=0.999219
Epoch[18] Batch [140]	Speed: 815.81 samples/sec	accuracy=0.998633
Epoch[18] Batch [160]	Speed: 761.76 samples/sec	accuracy=0.999023
Epoch[18] Batch [180]	Speed: 758.34 samples/sec	accuracy=0.998437
Epoch[18] Batch [200]	Speed: 822.96 samples/sec	accuracy=0.999023
Epoch[18] Batch [220]	Speed: 836.73 samples/sec	accuracy=0.999805
Epoch[18] Batch [240]	Speed: 809.99 samples/sec	accuracy=0.999805
Epoch[18] Batch [260]	Speed: 804.73 samples/sec	accuracy=0.999023
Epoch[18] Batch [280]	Speed: 800.54 samples/sec	accuracy=0.999414
Epoch[18] Batch [300]	Speed: 805.77 samples/sec	accuracy=0.998437
Epoch[18] Batch [320]	Speed: 817.47 samples/sec	accuracy=0.999609
Epoch[18] Batch [340]	Speed: 791.24 samples/sec	accuracy=0.999414
Epoch[18] Batch [360]	Speed: 839.42 samples/sec	accuracy=0.999609
Epoch[18] Batch [380]	Speed: 774.04 samples/sec	accuracy=0.998828
Epoch[18] Batch [400]	Speed: 829.39 samples/sec	accuracy=0.999414
Epoch[18] Batch [420]	Speed: 774.25 samples/sec	accuracy=0.998437
Epoch[18] Batch [440]	Speed: 832.39 samples/sec	accuracy=0.999609
Epoch[18] Batch [460]	Speed: 821.71 samples/sec	accuracy=0.999023
Epoch[18] Batch [480]	Speed: 763.57 samples/sec	accuracy=0.998828
Epoch[18] Batch [500]	Speed: 828.49 samples/sec	accuracy=0.998047
Epoch[18] Batch [520]	Speed: 753.05 samples/sec	accuracy=0.997266
Epoch[18] Batch [540]	Speed: 780.43 samples/sec	accuracy=0.997656
Epoch[18] Batch [560]	Speed: 808.14 samples/sec	accuracy=0.998437
Epoch[18] Batch [580]	Speed: 793.34 samples/sec	accuracy=0.999414
Epoch[18] Batch [600]	Speed: 837.40 samples/sec	accuracy=0.998633
Epoch[18] Batch [620]	Speed: 822.96 samples/sec	accuracy=0.998047
Epoch[18] Batch [640]	Speed: 795.00 samples/sec	accuracy=0.998828
Epoch[18] Batch [660]	Speed: 838.01 samples/sec	accuracy=0.997461
Epoch[18] Batch [680]	Speed: 787.15 samples/sec	accuracy=0.996875
Epoch[18] Batch [700]	Speed: 816.64 samples/sec	accuracy=0.998242
Epoch[18] Train-accuracy=0.997830
Epoch[18] Time cost=226.182
Epoch[18] Validation-accuracy=0.994902
Epoch[19] Batch [20]	Speed: 795.75 samples/sec	accuracy=0.997768
Epoch[19] Batch [40]	Speed: 791.24 samples/sec	accuracy=0.998633
Epoch[19] Batch [60]	Speed: 780.26 samples/sec	accuracy=0.998047
Epoch[19] Batch [80]	Speed: 794.79 samples/sec	accuracy=0.998437
Epoch[19] Batch [100]	Speed: 801.67 samples/sec	accuracy=0.999023
Epoch[19] Batch [120]	Speed: 797.81 samples/sec	accuracy=0.998633
Epoch[19] Batch [140]	Speed: 791.55 samples/sec	accuracy=0.998437
Epoch[19] Batch [160]	Speed: 774.23 samples/sec	accuracy=0.998047
Epoch[19] Batch [180]	Speed: 841.85 samples/sec	accuracy=0.999023
Epoch[19] Batch [200]	Speed: 844.14 samples/sec	accuracy=0.998437
Epoch[19] Batch [220]	Speed: 803.65 samples/sec	accuracy=0.999023
Epoch[19] Batch [240]	Speed: 829.23 samples/sec	accuracy=0.999023
Epoch[19] Batch [260]	Speed: 764.15 samples/sec	accuracy=0.997852
Epoch[19] Batch [280]	Speed: 782.96 samples/sec	accuracy=0.998828
Epoch[19] Batch [300]	Speed: 812.52 samples/sec	accuracy=0.999219
Epoch[19] Batch [320]	Speed: 812.49 samples/sec	accuracy=0.999219
Epoch[19] Batch [340]	Speed: 775.20 samples/sec	accuracy=0.999023
Epoch[19] Batch [360]	Speed: 822.81 samples/sec	accuracy=0.999023
Epoch[19] Batch [380]	Speed: 794.61 samples/sec	accuracy=0.998633
Epoch[19] Batch [400]	Speed: 801.36 samples/sec	accuracy=0.998633
Epoch[19] Batch [420]	Speed: 800.82 samples/sec	accuracy=0.999609
Epoch[19] Batch [440]	Speed: 771.20 samples/sec	accuracy=0.999023
Epoch[19] Batch [460]	Speed: 797.64 samples/sec	accuracy=0.999023
Epoch[19] Batch [480]	Speed: 815.69 samples/sec	accuracy=0.998437
Epoch[19] Batch [500]	Speed: 791.93 samples/sec	accuracy=0.999219
Epoch[19] Batch [520]	Speed: 803.19 samples/sec	accuracy=0.999023
Epoch[19] Batch [540]	Speed: 819.48 samples/sec	accuracy=0.999023
Epoch[19] Batch [560]	Speed: 781.52 samples/sec	accuracy=0.999414
Epoch[19] Batch [580]	Speed: 804.39 samples/sec	accuracy=0.999414
Epoch[19] Batch [600]	Speed: 736.12 samples/sec	accuracy=0.998242
Epoch[19] Batch [620]	Speed: 833.15 samples/sec	accuracy=0.998242
Epoch[19] Batch [640]	Speed: 782.22 samples/sec	accuracy=0.999414
Epoch[19] Batch [660]	Speed: 785.26 samples/sec	accuracy=0.998828
Epoch[19] Batch [680]	Speed: 776.40 samples/sec	accuracy=0.998633
Epoch[19] Batch [700]	Speed: 785.23 samples/sec	accuracy=0.998437
Epoch[19] Train-accuracy=0.999566
Epoch[19] Time cost=227.885
Saved checkpoint to "/mnt/data-1/data/jiajie.tang/highway/output/exp2/mobilenet-0020.params"
Epoch[19] Validation-accuracy=0.994601
Epoch[20] Batch [20]	Speed: 794.73 samples/sec	accuracy=0.998326
Epoch[20] Batch [40]	Speed: 776.54 samples/sec	accuracy=0.997266
Epoch[20] Batch [60]	Speed: 787.94 samples/sec	accuracy=0.999609
Epoch[20] Batch [80]	Speed: 819.66 samples/sec	accuracy=0.998437
Epoch[20] Batch [100]	Speed: 789.43 samples/sec	accuracy=0.999219
Epoch[20] Batch [120]	Speed: 773.07 samples/sec	accuracy=0.999609
Epoch[20] Batch [140]	Speed: 790.95 samples/sec	accuracy=0.998828
Epoch[20] Batch [160]	Speed: 769.77 samples/sec	accuracy=0.999023
Epoch[20] Batch [180]	Speed: 831.45 samples/sec	accuracy=0.999219
Epoch[20] Batch [200]	Speed: 855.52 samples/sec	accuracy=0.998047
Epoch[20] Batch [220]	Speed: 839.50 samples/sec	accuracy=0.999609
Epoch[20] Batch [240]	Speed: 794.06 samples/sec	accuracy=0.999219
Epoch[20] Batch [260]	Speed: 873.60 samples/sec	accuracy=0.998828
Epoch[20] Batch [280]	Speed: 765.88 samples/sec	accuracy=0.998828
Epoch[20] Batch [300]	Speed: 776.03 samples/sec	accuracy=0.999219
Epoch[20] Batch [320]	Speed: 832.56 samples/sec	accuracy=0.999414
Epoch[20] Batch [340]	Speed: 827.14 samples/sec	accuracy=0.998828
Epoch[20] Batch [360]	Speed: 784.16 samples/sec	accuracy=0.999023
Epoch[20] Batch [380]	Speed: 774.93 samples/sec	accuracy=0.999023
Epoch[20] Batch [400]	Speed: 835.88 samples/sec	accuracy=0.999414
Epoch[20] Batch [420]	Speed: 816.22 samples/sec	accuracy=0.998828
Epoch[20] Batch [440]	Speed: 783.91 samples/sec	accuracy=0.998633
Epoch[20] Batch [460]	Speed: 834.69 samples/sec	accuracy=0.999219
Epoch[20] Batch [480]	Speed: 766.94 samples/sec	accuracy=0.999023
Epoch[20] Batch [500]	Speed: 825.93 samples/sec	accuracy=0.999023
Epoch[20] Batch [520]	Speed: 756.13 samples/sec	accuracy=0.999219
Epoch[20] Batch [540]	Speed: 830.65 samples/sec	accuracy=0.999609
Epoch[20] Batch [560]	Speed: 830.66 samples/sec	accuracy=0.999609
Epoch[20] Batch [580]	Speed: 820.25 samples/sec	accuracy=0.999414
Epoch[20] Batch [600]	Speed: 787.42 samples/sec	accuracy=0.999023
Epoch[20] Batch [620]	Speed: 851.49 samples/sec	accuracy=0.998633
Epoch[20] Batch [640]	Speed: 815.25 samples/sec	accuracy=0.998633
Epoch[20] Batch [660]	Speed: 812.01 samples/sec	accuracy=0.999219
Epoch[20] Batch [680]	Speed: 835.12 samples/sec	accuracy=0.998633
Epoch[20] Batch [700]	Speed: 825.72 samples/sec	accuracy=0.999023
Epoch[20] Train-accuracy=0.998047
Epoch[20] Time cost=224.721
Epoch[20] Validation-accuracy=0.996601
Epoch[21] Batch [20]	Speed: 796.45 samples/sec	accuracy=0.999442
Epoch[21] Batch [40]	Speed: 846.95 samples/sec	accuracy=0.999023
Epoch[21] Batch [60]	Speed: 790.55 samples/sec	accuracy=0.998437
Epoch[21] Batch [80]	Speed: 844.58 samples/sec	accuracy=0.999414
Epoch[21] Batch [100]	Speed: 788.68 samples/sec	accuracy=0.999609
Epoch[21] Batch [120]	Speed: 772.02 samples/sec	accuracy=0.998828
Epoch[21] Batch [140]	Speed: 810.09 samples/sec	accuracy=0.999219
Epoch[21] Batch [160]	Speed: 809.06 samples/sec	accuracy=0.998633
Epoch[21] Batch [180]	Speed: 792.13 samples/sec	accuracy=0.999023
Epoch[21] Batch [200]	Speed: 787.98 samples/sec	accuracy=0.998437
Epoch[21] Batch [220]	Speed: 803.01 samples/sec	accuracy=0.999805
Epoch[21] Batch [240]	Speed: 798.54 samples/sec	accuracy=0.999414
Epoch[21] Batch [260]	Speed: 803.79 samples/sec	accuracy=0.998828
Epoch[21] Batch [280]	Speed: 823.85 samples/sec	accuracy=0.999414
Epoch[21] Batch [300]	Speed: 791.80 samples/sec	accuracy=0.999805
Epoch[21] Batch [320]	Speed: 792.69 samples/sec	accuracy=0.999414
Epoch[21] Batch [340]	Speed: 847.92 samples/sec	accuracy=0.999219
Epoch[21] Batch [360]	Speed: 794.00 samples/sec	accuracy=0.999609
Epoch[21] Batch [380]	Speed: 777.95 samples/sec	accuracy=0.999414
Epoch[21] Batch [400]	Speed: 787.96 samples/sec	accuracy=0.999414
Epoch[21] Batch [420]	Speed: 861.81 samples/sec	accuracy=1.000000
Epoch[21] Batch [440]	Speed: 823.17 samples/sec	accuracy=0.999414
Epoch[21] Batch [460]	Speed: 789.17 samples/sec	accuracy=0.999609
Epoch[21] Batch [480]	Speed: 772.13 samples/sec	accuracy=0.998242
Epoch[21] Batch [500]	Speed: 842.09 samples/sec	accuracy=0.999805
Epoch[21] Batch [520]	Speed: 760.81 samples/sec	accuracy=0.999023
Epoch[21] Batch [540]	Speed: 828.89 samples/sec	accuracy=0.999414
Epoch[21] Batch [560]	Speed: 832.22 samples/sec	accuracy=0.999805
Epoch[21] Batch [580]	Speed: 835.98 samples/sec	accuracy=1.000000
Epoch[21] Batch [600]	Speed: 790.99 samples/sec	accuracy=0.999805
Epoch[21] Batch [620]	Speed: 834.61 samples/sec	accuracy=0.999609
Epoch[21] Batch [640]	Speed: 756.19 samples/sec	accuracy=0.999414
Epoch[21] Batch [660]	Speed: 826.54 samples/sec	accuracy=0.999219
Epoch[21] Batch [680]	Speed: 794.11 samples/sec	accuracy=0.999609
Epoch[21] Batch [700]	Speed: 773.20 samples/sec	accuracy=0.999219
Epoch[21] Train-accuracy=0.999132
Epoch[21] Time cost=225.643
Epoch[21] Validation-accuracy=0.997323
Epoch[22] Batch [20]	Speed: 782.83 samples/sec	accuracy=0.999628
Epoch[22] Batch [40]	Speed: 804.67 samples/sec	accuracy=0.999219
Epoch[22] Batch [60]	Speed: 819.42 samples/sec	accuracy=0.998633
Epoch[22] Batch [80]	Speed: 831.05 samples/sec	accuracy=0.999219
Epoch[22] Batch [100]	Speed: 800.16 samples/sec	accuracy=0.999414
Epoch[22] Batch [120]	Speed: 802.59 samples/sec	accuracy=0.999414
Epoch[22] Batch [140]	Speed: 823.95 samples/sec	accuracy=0.999219
Epoch[22] Batch [160]	Speed: 774.52 samples/sec	accuracy=0.999414
Epoch[22] Batch [180]	Speed: 801.17 samples/sec	accuracy=0.999219
Epoch[22] Batch [200]	Speed: 800.59 samples/sec	accuracy=0.999609
Epoch[22] Batch [220]	Speed: 890.63 samples/sec	accuracy=0.999609
Epoch[22] Batch [240]	Speed: 801.78 samples/sec	accuracy=0.999414
Epoch[22] Batch [260]	Speed: 832.62 samples/sec	accuracy=0.999609
Epoch[22] Batch [280]	Speed: 796.59 samples/sec	accuracy=0.998437
Epoch[22] Batch [300]	Speed: 768.71 samples/sec	accuracy=0.999414
Epoch[22] Batch [320]	Speed: 839.13 samples/sec	accuracy=0.999023
Epoch[22] Batch [340]	Speed: 852.74 samples/sec	accuracy=0.999414
Epoch[22] Batch [360]	Speed: 786.10 samples/sec	accuracy=0.999219
Epoch[22] Batch [380]	Speed: 791.41 samples/sec	accuracy=0.999219
Epoch[22] Batch [400]	Speed: 816.42 samples/sec	accuracy=0.999609
Epoch[22] Batch [420]	Speed: 786.09 samples/sec	accuracy=0.999414
Epoch[22] Batch [440]	Speed: 819.03 samples/sec	accuracy=0.999414
Epoch[22] Batch [460]	Speed: 797.29 samples/sec	accuracy=0.999414
Epoch[22] Batch [480]	Speed: 805.94 samples/sec	accuracy=0.999609
Epoch[22] Batch [500]	Speed: 842.14 samples/sec	accuracy=0.999414
Epoch[22] Batch [520]	Speed: 786.95 samples/sec	accuracy=0.998633
Epoch[22] Batch [540]	Speed: 789.99 samples/sec	accuracy=0.999023
Epoch[22] Batch [560]	Speed: 873.19 samples/sec	accuracy=0.999414
Epoch[22] Batch [580]	Speed: 793.28 samples/sec	accuracy=0.999414
Epoch[22] Batch [600]	Speed: 821.67 samples/sec	accuracy=0.999609
Epoch[22] Batch [620]	Speed: 804.06 samples/sec	accuracy=0.999609
Epoch[22] Batch [640]	Speed: 814.87 samples/sec	accuracy=0.999023
Epoch[22] Batch [660]	Speed: 798.81 samples/sec	accuracy=0.999609
Epoch[22] Batch [680]	Speed: 773.65 samples/sec	accuracy=0.998242
Epoch[22] Batch [700]	Speed: 839.37 samples/sec	accuracy=0.997852
Epoch[22] Train-accuracy=1.000000
Epoch[22] Time cost=224.548
Epoch[22] Validation-accuracy=0.996270
Epoch[23] Batch [20]	Speed: 778.67 samples/sec	accuracy=0.998884
Epoch[23] Batch [40]	Speed: 813.82 samples/sec	accuracy=0.999609
Epoch[23] Batch [60]	Speed: 807.87 samples/sec	accuracy=0.999414
Epoch[23] Batch [80]	Speed: 819.86 samples/sec	accuracy=0.999219
Epoch[23] Batch [100]	Speed: 846.42 samples/sec	accuracy=0.998828
Epoch[23] Batch [120]	Speed: 811.16 samples/sec	accuracy=0.998828
Epoch[23] Batch [140]	Speed: 784.32 samples/sec	accuracy=0.998437
Epoch[23] Batch [160]	Speed: 844.49 samples/sec	accuracy=0.998633
Epoch[23] Batch [180]	Speed: 760.14 samples/sec	accuracy=0.999805
Epoch[23] Batch [200]	Speed: 805.29 samples/sec	accuracy=0.998437
Epoch[23] Batch [220]	Speed: 809.84 samples/sec	accuracy=0.999414
Epoch[23] Batch [240]	Speed: 794.90 samples/sec	accuracy=0.999609
Epoch[23] Batch [260]	Speed: 767.02 samples/sec	accuracy=0.999805
Epoch[23] Batch [280]	Speed: 786.60 samples/sec	accuracy=0.999219
Epoch[23] Batch [300]	Speed: 803.75 samples/sec	accuracy=0.999023
Epoch[23] Batch [320]	Speed: 804.59 samples/sec	accuracy=0.999023
Epoch[23] Batch [340]	Speed: 833.12 samples/sec	accuracy=0.999219
Epoch[23] Batch [360]	Speed: 780.39 samples/sec	accuracy=0.999219
Epoch[23] Batch [380]	Speed: 822.94 samples/sec	accuracy=0.999609
Epoch[23] Batch [400]	Speed: 784.35 samples/sec	accuracy=0.999609
Epoch[23] Batch [420]	Speed: 802.95 samples/sec	accuracy=0.999805
Epoch[23] Batch [440]	Speed: 813.07 samples/sec	accuracy=1.000000
Epoch[23] Batch [460]	Speed: 759.81 samples/sec	accuracy=0.999609
Epoch[23] Batch [480]	Speed: 791.85 samples/sec	accuracy=0.999609
Epoch[23] Batch [500]	Speed: 804.29 samples/sec	accuracy=1.000000
Epoch[23] Batch [520]	Speed: 794.23 samples/sec	accuracy=0.999219
Epoch[23] Batch [540]	Speed: 798.26 samples/sec	accuracy=0.998828
Epoch[23] Batch [560]	Speed: 801.40 samples/sec	accuracy=0.999609
Epoch[23] Batch [580]	Speed: 808.71 samples/sec	accuracy=1.000000
Epoch[23] Batch [600]	Speed: 805.17 samples/sec	accuracy=0.999609
Epoch[23] Batch [620]	Speed: 774.42 samples/sec	accuracy=0.999414
Epoch[23] Batch [640]	Speed: 783.27 samples/sec	accuracy=0.999414
Epoch[23] Batch [660]	Speed: 796.66 samples/sec	accuracy=1.000000
Epoch[23] Batch [680]	Speed: 822.07 samples/sec	accuracy=0.999219
Epoch[23] Batch [700]	Speed: 807.40 samples/sec	accuracy=0.999414
Epoch[23] Train-accuracy=0.998698
Epoch[23] Time cost=226.658
Epoch[23] Validation-accuracy=0.997345
Epoch[24] Batch [20]	Speed: 780.74 samples/sec	accuracy=0.999628
Epoch[24] Batch [40]	Speed: 820.95 samples/sec	accuracy=0.999805
Epoch[24] Batch [60]	Speed: 821.90 samples/sec	accuracy=0.999609
Epoch[24] Batch [80]	Speed: 828.69 samples/sec	accuracy=0.999609
Epoch[24] Batch [100]	Speed: 812.52 samples/sec	accuracy=0.999414
Epoch[24] Batch [120]	Speed: 820.74 samples/sec	accuracy=0.999023
Epoch[24] Batch [140]	Speed: 818.52 samples/sec	accuracy=0.999414
Epoch[24] Batch [160]	Speed: 772.54 samples/sec	accuracy=0.998633
Epoch[24] Batch [180]	Speed: 804.06 samples/sec	accuracy=0.999219
Epoch[24] Batch [200]	Speed: 752.75 samples/sec	accuracy=0.999414
Epoch[24] Batch [220]	Speed: 822.13 samples/sec	accuracy=0.999609
Epoch[24] Batch [240]	Speed: 751.07 samples/sec	accuracy=0.999805
Epoch[24] Batch [260]	Speed: 826.46 samples/sec	accuracy=0.999414
Epoch[24] Batch [280]	Speed: 828.98 samples/sec	accuracy=0.999023
Epoch[24] Batch [300]	Speed: 817.25 samples/sec	accuracy=0.999414
Epoch[24] Batch [320]	Speed: 794.03 samples/sec	accuracy=0.999609
Epoch[24] Batch [340]	Speed: 790.46 samples/sec	accuracy=0.999805
Epoch[24] Batch [360]	Speed: 788.40 samples/sec	accuracy=0.999609
Epoch[24] Batch [380]	Speed: 802.17 samples/sec	accuracy=0.998828
Epoch[24] Batch [400]	Speed: 808.35 samples/sec	accuracy=0.999414
Epoch[24] Batch [420]	Speed: 790.22 samples/sec	accuracy=0.999805
Epoch[24] Batch [440]	Speed: 833.39 samples/sec	accuracy=0.999609
Epoch[24] Batch [460]	Speed: 830.22 samples/sec	accuracy=0.999219
Epoch[24] Batch [480]	Speed: 832.31 samples/sec	accuracy=0.999414
Epoch[24] Batch [500]	Speed: 795.62 samples/sec	accuracy=0.999805
Epoch[24] Batch [520]	Speed: 859.57 samples/sec	accuracy=0.999805
Epoch[24] Batch [540]	Speed: 820.48 samples/sec	accuracy=0.999414
Epoch[24] Batch [560]	Speed: 803.17 samples/sec	accuracy=0.999805
Epoch[24] Batch [580]	Speed: 831.00 samples/sec	accuracy=0.999805
Epoch[24] Batch [600]	Speed: 758.19 samples/sec	accuracy=0.999609
Epoch[24] Batch [620]	Speed: 826.39 samples/sec	accuracy=0.999805
Epoch[24] Batch [640]	Speed: 834.81 samples/sec	accuracy=1.000000
Epoch[24] Batch [660]	Speed: 830.45 samples/sec	accuracy=0.999805
Epoch[24] Batch [680]	Speed: 802.83 samples/sec	accuracy=0.999414
Epoch[24] Batch [700]	Speed: 759.15 samples/sec	accuracy=0.999219
Epoch[24] Train-accuracy=1.000000
Epoch[24] Time cost=225.220
Saved checkpoint to "/mnt/data-1/data/jiajie.tang/highway/output/exp2/mobilenet-0025.params"
Epoch[24] Validation-accuracy=0.997131
Epoch[25] Batch [20]	Speed: 807.35 samples/sec	accuracy=0.999442
Epoch[25] Batch [40]	Speed: 797.98 samples/sec	accuracy=0.999609
Epoch[25] Batch [60]	Speed: 817.64 samples/sec	accuracy=0.999023
Epoch[25] Batch [80]	Speed: 843.54 samples/sec	accuracy=0.999219
Epoch[25] Batch [100]	Speed: 775.45 samples/sec	accuracy=0.999609
Epoch[25] Batch [120]	Speed: 750.66 samples/sec	accuracy=0.998828
Epoch[25] Batch [140]	Speed: 774.37 samples/sec	accuracy=0.999609
Epoch[25] Batch [160]	Speed: 768.14 samples/sec	accuracy=0.999609
Epoch[25] Batch [180]	Speed: 795.49 samples/sec	accuracy=0.999023
Epoch[25] Batch [200]	Speed: 814.54 samples/sec	accuracy=0.999219
Epoch[25] Batch [220]	Speed: 759.75 samples/sec	accuracy=0.999414
Epoch[25] Batch [240]	Speed: 800.65 samples/sec	accuracy=0.999414
Epoch[25] Batch [260]	Speed: 822.24 samples/sec	accuracy=0.999805
Epoch[25] Batch [280]	Speed: 797.80 samples/sec	accuracy=0.999219
Epoch[25] Batch [300]	Speed: 829.04 samples/sec	accuracy=0.998828
Epoch[25] Batch [320]	Speed: 812.44 samples/sec	accuracy=0.998828
Epoch[25] Batch [340]	Speed: 820.38 samples/sec	accuracy=0.999805
Epoch[25] Batch [360]	Speed: 788.43 samples/sec	accuracy=0.999414
Epoch[25] Batch [380]	Speed: 812.90 samples/sec	accuracy=0.998633
Epoch[25] Batch [400]	Speed: 777.92 samples/sec	accuracy=0.999219
Epoch[25] Batch [420]	Speed: 811.25 samples/sec	accuracy=0.999414
Epoch[25] Batch [440]	Speed: 801.64 samples/sec	accuracy=1.000000
Epoch[25] Batch [460]	Speed: 822.19 samples/sec	accuracy=0.999805
Epoch[25] Batch [480]	Speed: 858.95 samples/sec	accuracy=0.999414
Epoch[25] Batch [500]	Speed: 821.71 samples/sec	accuracy=0.999609
Epoch[25] Batch [520]	Speed: 793.82 samples/sec	accuracy=0.999414
Epoch[25] Batch [540]	Speed: 776.43 samples/sec	accuracy=0.999609
Epoch[25] Batch [560]	Speed: 831.27 samples/sec	accuracy=0.999219
Epoch[25] Batch [580]	Speed: 775.12 samples/sec	accuracy=0.999609
Epoch[25] Batch [600]	Speed: 831.06 samples/sec	accuracy=1.000000
Epoch[25] Batch [620]	Speed: 808.54 samples/sec	accuracy=0.999609
Epoch[25] Batch [640]	Speed: 833.32 samples/sec	accuracy=0.999609
Epoch[25] Batch [660]	Speed: 784.22 samples/sec	accuracy=0.999414
Epoch[25] Batch [680]	Speed: 805.70 samples/sec	accuracy=0.999609
Epoch[25] Batch [700]	Speed: 789.15 samples/sec	accuracy=0.999414
Epoch[25] Train-accuracy=0.999132
Epoch[25] Time cost=226.509
Epoch[25] Validation-accuracy=0.998168
Epoch[26] Batch [20]	Speed: 814.85 samples/sec	accuracy=0.999256
Epoch[26] Batch [40]	Speed: 783.20 samples/sec	accuracy=0.998242
Epoch[26] Batch [60]	Speed: 790.34 samples/sec	accuracy=0.999414
Epoch[26] Batch [80]	Speed: 771.43 samples/sec	accuracy=0.999414
Epoch[26] Batch [100]	Speed: 812.02 samples/sec	accuracy=0.999023
Epoch[26] Batch [120]	Speed: 829.49 samples/sec	accuracy=0.999219
Epoch[26] Batch [140]	Speed: 795.29 samples/sec	accuracy=0.999219
Epoch[26] Batch [160]	Speed: 801.87 samples/sec	accuracy=0.998828
Epoch[26] Batch [180]	Speed: 795.13 samples/sec	accuracy=0.999023
Epoch[26] Batch [200]	Speed: 812.38 samples/sec	accuracy=0.999023
Epoch[26] Batch [220]	Speed: 814.40 samples/sec	accuracy=0.998828
Epoch[26] Batch [240]	Speed: 787.57 samples/sec	accuracy=0.999805
Epoch[26] Batch [260]	Speed: 802.60 samples/sec	accuracy=0.999023
Epoch[26] Batch [280]	Speed: 803.68 samples/sec	accuracy=0.999805
Epoch[26] Batch [300]	Speed: 819.15 samples/sec	accuracy=0.999414
Epoch[26] Batch [320]	Speed: 829.40 samples/sec	accuracy=0.999609
Epoch[26] Batch [340]	Speed: 808.90 samples/sec	accuracy=0.999219
Epoch[26] Batch [360]	Speed: 786.98 samples/sec	accuracy=0.999609
Epoch[26] Batch [380]	Speed: 807.54 samples/sec	accuracy=0.999805
Epoch[26] Batch [400]	Speed: 811.40 samples/sec	accuracy=0.999609
Epoch[26] Batch [420]	Speed: 795.37 samples/sec	accuracy=0.999609
Epoch[26] Batch [440]	Speed: 778.22 samples/sec	accuracy=0.997852
Epoch[26] Batch [460]	Speed: 769.50 samples/sec	accuracy=0.999023
Epoch[26] Batch [480]	Speed: 791.45 samples/sec	accuracy=0.999023
Epoch[26] Batch [500]	Speed: 789.44 samples/sec	accuracy=0.999805
Epoch[26] Batch [520]	Speed: 814.50 samples/sec	accuracy=0.999219
Epoch[26] Batch [540]	Speed: 798.52 samples/sec	accuracy=0.999023
Epoch[26] Batch [560]	Speed: 782.09 samples/sec	accuracy=0.999219
Epoch[26] Batch [580]	Speed: 813.68 samples/sec	accuracy=0.999414
Epoch[26] Batch [600]	Speed: 802.57 samples/sec	accuracy=0.998828
Epoch[26] Batch [620]	Speed: 782.79 samples/sec	accuracy=0.999414
Epoch[26] Batch [640]	Speed: 782.87 samples/sec	accuracy=0.999609
Epoch[26] Batch [660]	Speed: 797.61 samples/sec	accuracy=0.999414
Epoch[26] Batch [680]	Speed: 792.11 samples/sec	accuracy=0.999023
Epoch[26] Batch [700]	Speed: 779.33 samples/sec	accuracy=0.999219
Epoch[26] Train-accuracy=0.999566
Epoch[26] Time cost=227.254
Epoch[26] Validation-accuracy=0.997191
Epoch[27] Batch [20]	Speed: 750.45 samples/sec	accuracy=0.999442
Epoch[27] Batch [40]	Speed: 907.65 samples/sec	accuracy=0.999609
Epoch[27] Batch [60]	Speed: 791.12 samples/sec	accuracy=0.999414
Epoch[27] Batch [80]	Speed: 875.26 samples/sec	accuracy=0.999414
Epoch[27] Batch [100]	Speed: 837.92 samples/sec	accuracy=0.999414
Epoch[27] Batch [120]	Speed: 744.91 samples/sec	accuracy=0.999609
Epoch[27] Batch [140]	Speed: 809.38 samples/sec	accuracy=0.999219
Epoch[27] Batch [160]	Speed: 806.73 samples/sec	accuracy=1.000000
Epoch[27] Batch [180]	Speed: 791.34 samples/sec	accuracy=1.000000
Epoch[27] Batch [200]	Speed: 792.22 samples/sec	accuracy=0.999609
Epoch[27] Batch [220]	Speed: 806.68 samples/sec	accuracy=1.000000
Epoch[27] Batch [240]	Speed: 807.48 samples/sec	accuracy=0.999805
Epoch[27] Batch [260]	Speed: 862.39 samples/sec	accuracy=0.999609
Epoch[27] Batch [280]	Speed: 792.47 samples/sec	accuracy=0.999609
Epoch[27] Batch [300]	Speed: 827.24 samples/sec	accuracy=1.000000
Epoch[27] Batch [320]	Speed: 739.17 samples/sec	accuracy=0.999805
Epoch[27] Batch [340]	Speed: 808.68 samples/sec	accuracy=0.999609
Epoch[27] Batch [360]	Speed: 824.23 samples/sec	accuracy=0.999805
Epoch[27] Batch [380]	Speed: 803.89 samples/sec	accuracy=0.999023
Epoch[27] Batch [400]	Speed: 809.98 samples/sec	accuracy=1.000000
Epoch[27] Batch [420]	Speed: 842.75 samples/sec	accuracy=1.000000
Epoch[27] Batch [440]	Speed: 828.46 samples/sec	accuracy=0.999414
Epoch[27] Batch [460]	Speed: 786.72 samples/sec	accuracy=0.999609
Epoch[27] Batch [480]	Speed: 799.31 samples/sec	accuracy=0.999414
Epoch[27] Batch [500]	Speed: 805.30 samples/sec	accuracy=1.000000
Epoch[27] Batch [520]	Speed: 779.45 samples/sec	accuracy=0.999414
Epoch[27] Batch [540]	Speed: 817.07 samples/sec	accuracy=0.999805
Epoch[27] Batch [560]	Speed: 830.81 samples/sec	accuracy=0.999805
Epoch[27] Batch [580]	Speed: 834.41 samples/sec	accuracy=0.999414
Epoch[27] Batch [600]	Speed: 787.83 samples/sec	accuracy=0.999609
Epoch[27] Batch [620]	Speed: 791.23 samples/sec	accuracy=0.999609
Epoch[27] Batch [640]	Speed: 774.76 samples/sec	accuracy=0.999609
Epoch[27] Batch [660]	Speed: 824.70 samples/sec	accuracy=0.999609
Epoch[27] Batch [680]	Speed: 834.62 samples/sec	accuracy=0.998828
Epoch[27] Batch [700]	Speed: 825.86 samples/sec	accuracy=0.999219
Epoch[27] Train-accuracy=0.999512
Epoch[27] Time cost=224.425
Epoch[27] Validation-accuracy=0.997352
Epoch[28] Batch [20]	Speed: 799.08 samples/sec	accuracy=0.999628
Epoch[28] Batch [40]	Speed: 838.04 samples/sec	accuracy=0.999805
Epoch[28] Batch [60]	Speed: 789.40 samples/sec	accuracy=0.999609
Epoch[28] Batch [80]	Speed: 806.64 samples/sec	accuracy=0.999805
Epoch[28] Batch [100]	Speed: 756.94 samples/sec	accuracy=0.999609
Epoch[28] Batch [120]	Speed: 764.23 samples/sec	accuracy=0.999219
Epoch[28] Batch [140]	Speed: 830.97 samples/sec	accuracy=0.999805
Epoch[28] Batch [160]	Speed: 796.41 samples/sec	accuracy=0.999609
Epoch[28] Batch [180]	Speed: 830.46 samples/sec	accuracy=0.999414
Epoch[28] Batch [200]	Speed: 759.09 samples/sec	accuracy=0.999414
Epoch[28] Batch [220]	Speed: 773.03 samples/sec	accuracy=0.999609
Epoch[28] Batch [240]	Speed: 770.97 samples/sec	accuracy=1.000000
Epoch[28] Batch [260]	Speed: 813.75 samples/sec	accuracy=0.999805
Epoch[28] Batch [280]	Speed: 790.61 samples/sec	accuracy=0.999414
Epoch[28] Batch [300]	Speed: 819.42 samples/sec	accuracy=0.999805
Epoch[28] Batch [320]	Speed: 818.18 samples/sec	accuracy=0.999805
Epoch[28] Batch [340]	Speed: 852.66 samples/sec	accuracy=0.999609
Epoch[28] Batch [360]	Speed: 828.23 samples/sec	accuracy=0.999805
Epoch[28] Batch [380]	Speed: 784.66 samples/sec	accuracy=1.000000
Epoch[28] Batch [400]	Speed: 843.32 samples/sec	accuracy=0.999805
Epoch[28] Batch [420]	Speed: 831.27 samples/sec	accuracy=1.000000
Epoch[28] Batch [440]	Speed: 788.52 samples/sec	accuracy=1.000000
Epoch[28] Batch [460]	Speed: 867.89 samples/sec	accuracy=0.999805
Epoch[28] Batch [480]	Speed: 756.00 samples/sec	accuracy=0.999805
Epoch[28] Batch [500]	Speed: 814.31 samples/sec	accuracy=0.999805
Epoch[28] Batch [520]	Speed: 809.00 samples/sec	accuracy=0.999609
Epoch[28] Batch [540]	Speed: 817.77 samples/sec	accuracy=0.999805
Epoch[28] Batch [560]	Speed: 767.28 samples/sec	accuracy=1.000000
Epoch[28] Batch [580]	Speed: 825.43 samples/sec	accuracy=0.999609
Epoch[28] Batch [600]	Speed: 882.16 samples/sec	accuracy=0.999219
Epoch[28] Batch [620]	Speed: 781.54 samples/sec	accuracy=0.999609
Epoch[28] Batch [640]	Speed: 765.08 samples/sec	accuracy=0.999414
Epoch[28] Batch [660]	Speed: 846.36 samples/sec	accuracy=0.999805
Epoch[28] Batch [680]	Speed: 819.08 samples/sec	accuracy=0.999609
Epoch[28] Batch [700]	Speed: 782.13 samples/sec	accuracy=0.999609
Epoch[28] Train-accuracy=1.000000
Epoch[28] Time cost=225.494
Epoch[28] Validation-accuracy=0.998069
Epoch[29] Batch [20]	Speed: 825.29 samples/sec	accuracy=0.999814
Epoch[29] Batch [40]	Speed: 815.91 samples/sec	accuracy=0.999805
Epoch[29] Batch [60]	Speed: 767.83 samples/sec	accuracy=0.999609
Epoch[29] Batch [80]	Speed: 780.94 samples/sec	accuracy=0.999805
Epoch[29] Batch [100]	Speed: 823.78 samples/sec	accuracy=0.999805
Epoch[29] Batch [120]	Speed: 771.36 samples/sec	accuracy=0.999609
Epoch[29] Batch [140]	Speed: 819.35 samples/sec	accuracy=0.999414
Epoch[29] Batch [160]	Speed: 798.83 samples/sec	accuracy=0.998828
Epoch[29] Batch [180]	Speed: 771.45 samples/sec	accuracy=0.998828
Epoch[29] Batch [200]	Speed: 815.28 samples/sec	accuracy=0.998828
Epoch[29] Batch [220]	Speed: 742.45 samples/sec	accuracy=0.999219
Epoch[29] Batch [240]	Speed: 789.00 samples/sec	accuracy=0.999609
Epoch[29] Batch [260]	Speed: 816.27 samples/sec	accuracy=0.998828
Epoch[29] Batch [280]	Speed: 851.95 samples/sec	accuracy=0.999609
Epoch[29] Batch [300]	Speed: 811.56 samples/sec	accuracy=0.999219
Epoch[29] Batch [320]	Speed: 805.03 samples/sec	accuracy=0.999414
Epoch[29] Batch [340]	Speed: 747.95 samples/sec	accuracy=1.000000
Epoch[29] Batch [360]	Speed: 876.21 samples/sec	accuracy=0.999609
Epoch[29] Batch [380]	Speed: 775.75 samples/sec	accuracy=0.999805
Epoch[29] Batch [400]	Speed: 881.18 samples/sec	accuracy=0.999609
Epoch[29] Batch [420]	Speed: 791.58 samples/sec	accuracy=0.999805
Epoch[29] Batch [440]	Speed: 789.97 samples/sec	accuracy=0.999219
Epoch[29] Batch [460]	Speed: 804.77 samples/sec	accuracy=0.999414
Epoch[29] Batch [480]	Speed: 875.87 samples/sec	accuracy=0.999609
Epoch[29] Batch [500]	Speed: 852.27 samples/sec	accuracy=1.000000
Epoch[29] Batch [520]	Speed: 771.56 samples/sec	accuracy=0.999609
Epoch[29] Batch [540]	Speed: 753.44 samples/sec	accuracy=0.999805
Epoch[29] Batch [560]	Speed: 844.15 samples/sec	accuracy=0.998828
Epoch[29] Batch [580]	Speed: 766.35 samples/sec	accuracy=0.999609
Epoch[29] Batch [600]	Speed: 811.73 samples/sec	accuracy=0.999805
Epoch[29] Batch [620]	Speed: 792.26 samples/sec	accuracy=0.999219
Epoch[29] Batch [640]	Speed: 781.53 samples/sec	accuracy=0.999805
Epoch[29] Batch [660]	Speed: 795.97 samples/sec	accuracy=0.999805
Epoch[29] Batch [680]	Speed: 757.83 samples/sec	accuracy=0.999609
Epoch[29] Batch [700]	Speed: 806.53 samples/sec	accuracy=0.999609
Epoch[29] Train-accuracy=1.000000
Epoch[29] Time cost=226.914
Saved checkpoint to "/mnt/data-1/data/jiajie.tang/highway/output/exp2/mobilenet-0030.params"
Epoch[29] Validation-accuracy=0.997617
Epoch[30] Batch [20]	Speed: 787.37 samples/sec	accuracy=0.999814
Epoch[30] Batch [40]	Speed: 780.69 samples/sec	accuracy=1.000000
Epoch[30] Batch [60]	Speed: 837.08 samples/sec	accuracy=0.999609
Epoch[30] Batch [80]	Speed: 826.26 samples/sec	accuracy=0.999805
Epoch[30] Batch [100]	Speed: 771.87 samples/sec	accuracy=0.999609
Epoch[30] Batch [120]	Speed: 773.64 samples/sec	accuracy=0.999805
Epoch[30] Batch [140]	Speed: 773.01 samples/sec	accuracy=0.999414
Epoch[30] Batch [160]	Speed: 811.86 samples/sec	accuracy=0.999609
Epoch[30] Batch [180]	Speed: 808.45 samples/sec	accuracy=0.999805
Epoch[30] Batch [200]	Speed: 801.70 samples/sec	accuracy=0.999414
Epoch[30] Batch [220]	Speed: 811.49 samples/sec	accuracy=0.999219
Epoch[30] Batch [240]	Speed: 810.86 samples/sec	accuracy=0.998633
Epoch[30] Batch [260]	Speed: 780.09 samples/sec	accuracy=0.999219
Epoch[30] Batch [280]	Speed: 856.50 samples/sec	accuracy=0.999219
Epoch[30] Batch [300]	Speed: 752.98 samples/sec	accuracy=0.998633
Epoch[30] Batch [320]	Speed: 833.20 samples/sec	accuracy=0.998437
Epoch[30] Batch [340]	Speed: 816.84 samples/sec	accuracy=0.996875
Epoch[30] Batch [360]	Speed: 766.97 samples/sec	accuracy=0.997266
Epoch[30] Batch [380]	Speed: 838.61 samples/sec	accuracy=0.998437
Epoch[30] Batch [400]	Speed: 864.34 samples/sec	accuracy=0.998047
Epoch[30] Batch [420]	Speed: 760.37 samples/sec	accuracy=0.998437
Epoch[30] Batch [440]	Speed: 825.15 samples/sec	accuracy=0.997461
Epoch[30] Batch [460]	Speed: 769.48 samples/sec	accuracy=0.999219
Epoch[30] Batch [480]	Speed: 827.62 samples/sec	accuracy=0.998047
Epoch[30] Batch [500]	Speed: 754.64 samples/sec	accuracy=0.999023
Epoch[30] Batch [520]	Speed: 774.00 samples/sec	accuracy=0.999414
Epoch[30] Batch [540]	Speed: 877.23 samples/sec	accuracy=0.998828
Epoch[30] Batch [560]	Speed: 731.54 samples/sec	accuracy=0.998828
Epoch[30] Batch [580]	Speed: 786.52 samples/sec	accuracy=0.998047
Epoch[30] Batch [600]	Speed: 780.82 samples/sec	accuracy=0.998047
Epoch[30] Batch [620]	Speed: 817.40 samples/sec	accuracy=0.998633
Epoch[30] Batch [640]	Speed: 771.10 samples/sec	accuracy=0.999023
Epoch[30] Batch [660]	Speed: 781.39 samples/sec	accuracy=0.999805
Epoch[30] Batch [680]	Speed: 832.57 samples/sec	accuracy=0.999805
Epoch[30] Batch [700]	Speed: 779.04 samples/sec	accuracy=0.999609
Epoch[30] Train-accuracy=0.999132
Epoch[30] Time cost=227.593
Epoch[30] Validation-accuracy=0.997718
Epoch[31] Batch [20]	Speed: 819.38 samples/sec	accuracy=0.999442
Epoch[31] Batch [40]	Speed: 831.19 samples/sec	accuracy=0.998242
Epoch[31] Batch [60]	Speed: 793.84 samples/sec	accuracy=0.998633
Epoch[31] Batch [80]	Speed: 812.90 samples/sec	accuracy=0.998437
Epoch[31] Batch [100]	Speed: 781.63 samples/sec	accuracy=0.999219
Epoch[31] Batch [120]	Speed: 797.34 samples/sec	accuracy=0.999414
Epoch[31] Batch [140]	Speed: 807.55 samples/sec	accuracy=0.998437
Epoch[31] Batch [160]	Speed: 812.26 samples/sec	accuracy=0.999023
Epoch[31] Batch [180]	Speed: 868.63 samples/sec	accuracy=0.999023
Epoch[31] Batch [200]	Speed: 772.19 samples/sec	accuracy=0.998633
Epoch[31] Batch [220]	Speed: 792.23 samples/sec	accuracy=0.999609
Epoch[31] Batch [240]	Speed: 777.25 samples/sec	accuracy=0.999023
Epoch[31] Batch [260]	Speed: 774.32 samples/sec	accuracy=0.998828
Epoch[31] Batch [280]	Speed: 816.51 samples/sec	accuracy=0.999023
Epoch[31] Batch [300]	Speed: 786.76 samples/sec	accuracy=0.999023
Epoch[31] Batch [320]	Speed: 798.10 samples/sec	accuracy=0.999414
Epoch[31] Batch [340]	Speed: 800.50 samples/sec	accuracy=0.999414
Epoch[31] Batch [360]	Speed: 771.15 samples/sec	accuracy=0.999805
Epoch[31] Batch [380]	Speed: 768.87 samples/sec	accuracy=0.999609
Epoch[31] Batch [400]	Speed: 813.28 samples/sec	accuracy=0.999609
Epoch[31] Batch [420]	Speed: 798.35 samples/sec	accuracy=0.998828
Epoch[31] Batch [440]	Speed: 802.78 samples/sec	accuracy=0.999414
Epoch[31] Batch [460]	Speed: 801.91 samples/sec	accuracy=0.999805
Epoch[31] Batch [480]	Speed: 777.23 samples/sec	accuracy=0.999414
Epoch[31] Batch [500]	Speed: 805.32 samples/sec	accuracy=0.999805
Epoch[31] Batch [520]	Speed: 798.65 samples/sec	accuracy=0.999219
Epoch[31] Batch [540]	Speed: 819.38 samples/sec	accuracy=0.999609
Epoch[31] Batch [560]	Speed: 797.58 samples/sec	accuracy=1.000000
Epoch[31] Batch [580]	Speed: 812.42 samples/sec	accuracy=0.999609
Epoch[31] Batch [600]	Speed: 813.67 samples/sec	accuracy=0.999609
Epoch[31] Batch [620]	Speed: 834.61 samples/sec	accuracy=0.999609
Epoch[31] Batch [640]	Speed: 826.26 samples/sec	accuracy=0.999609
Epoch[31] Batch [660]	Speed: 768.20 samples/sec	accuracy=0.999219
Epoch[31] Batch [680]	Speed: 824.61 samples/sec	accuracy=0.999609
Epoch[31] Batch [700]	Speed: 795.58 samples/sec	accuracy=0.999805
Epoch[31] Train-accuracy=0.999132
Epoch[31] Time cost=226.470
Epoch[31] Validation-accuracy=0.997859
Epoch[32] Batch [20]	Speed: 823.72 samples/sec	accuracy=0.999814
Epoch[32] Batch [40]	Speed: 835.02 samples/sec	accuracy=0.999609
Epoch[32] Batch [60]	Speed: 807.96 samples/sec	accuracy=0.999414
Epoch[32] Batch [80]	Speed: 795.18 samples/sec	accuracy=0.999609
Epoch[32] Batch [100]	Speed: 810.54 samples/sec	accuracy=0.999805
Epoch[32] Batch [120]	Speed: 818.14 samples/sec	accuracy=0.999609
Epoch[32] Batch [140]	Speed: 799.30 samples/sec	accuracy=0.999219
Epoch[32] Batch [160]	Speed: 794.66 samples/sec	accuracy=0.999609
Epoch[32] Batch [180]	Speed: 791.21 samples/sec	accuracy=0.999609
Epoch[32] Batch [200]	Speed: 783.16 samples/sec	accuracy=0.999414
Epoch[32] Batch [220]	Speed: 811.26 samples/sec	accuracy=0.999805
Epoch[32] Batch [240]	Speed: 797.90 samples/sec	accuracy=0.999609
Epoch[32] Batch [260]	Speed: 803.40 samples/sec	accuracy=0.999609
Epoch[32] Batch [280]	Speed: 838.88 samples/sec	accuracy=0.999609
Epoch[32] Batch [300]	Speed: 806.03 samples/sec	accuracy=0.999609
Epoch[32] Batch [320]	Speed: 824.80 samples/sec	accuracy=0.999023
Epoch[32] Batch [340]	Speed: 780.12 samples/sec	accuracy=0.999805
Epoch[32] Batch [360]	Speed: 832.83 samples/sec	accuracy=0.999805
Epoch[32] Batch [380]	Speed: 801.29 samples/sec	accuracy=1.000000
Epoch[32] Batch [400]	Speed: 796.11 samples/sec	accuracy=1.000000
Epoch[32] Batch [420]	Speed: 777.56 samples/sec	accuracy=0.999414
Epoch[32] Batch [440]	Speed: 779.62 samples/sec	accuracy=0.999805
Epoch[32] Batch [460]	Speed: 780.22 samples/sec	accuracy=0.999609
Epoch[32] Batch [480]	Speed: 808.92 samples/sec	accuracy=0.999219
Epoch[32] Batch [500]	Speed: 809.30 samples/sec	accuracy=1.000000
Epoch[32] Batch [520]	Speed: 799.25 samples/sec	accuracy=0.999609
Epoch[32] Batch [540]	Speed: 820.56 samples/sec	accuracy=0.999805
Epoch[32] Batch [560]	Speed: 822.61 samples/sec	accuracy=1.000000
Epoch[32] Batch [580]	Speed: 775.90 samples/sec	accuracy=1.000000
Epoch[32] Batch [600]	Speed: 844.69 samples/sec	accuracy=1.000000
Epoch[32] Batch [620]	Speed: 756.76 samples/sec	accuracy=0.999805
Epoch[32] Batch [640]	Speed: 829.39 samples/sec	accuracy=1.000000
Epoch[32] Batch [660]	Speed: 820.29 samples/sec	accuracy=1.000000
